#
# A fatal error has been detected by the Java Runtime Environment:
#
#  SIGSEGV (0xb) at pc=0x00007f1d599b9538, pid=24490, tid=139763155699456
#
# JRE version: 7.0_21-b11
# Java VM: Java HotSpot(TM) 64-Bit Server VM (23.21-b01 mixed mode linux-amd64 compressed oops)
# Problematic frame:
# V  [libjvm.so+0x565538]  jni_invoke_nonstatic(JNIEnv_*, JavaValue*, _jobject*, JNICallType, _jmethodID*, JNI_ArgumentPusher*, Thread*)+0x38
#
# Failed to write core dump. Core dumps have been disabled. To enable core dumping, try "ulimit -c unlimited" before starting Java again
#
# If you would like to submit a bug report, please visit:
#   http://bugreport.sun.com/bugreport/crash.jsp
#

---------------  T H R E A D  ---------------

Current thread (0x00007f1d0c10b800):  JavaThread "JavaFX Application Thread" [_thread_in_vm, id=24547, stack(0x00007f1d252f8000,0x00007f1d253f9000)]

siginfo:si_signo=SIGSEGV: si_errno=0, si_code=128 (), si_addr=0x0000000000000000

Registers:
RAX=0x00007f1d253f7490, RBX=0x00007f1d5408b0a8, RCX=0x0000000000000001, RDX=0x422f736e6f636965
RSP=0x00007f1d253f7240, RBP=0x00007f1d253f7370, RSI=0x00007f1d253f7400, RDI=0x00007f1d0c10b9d8
R8 =0x00007f1d5408b0a8, R9 =0x00007f1d253f73a0, R10=0x00007f1d5a156520, R11=0x00007f1d253f6f30
R12=0x0000000000000001, R13=0x00007f1d253f73e0, R14=0x00007f1d5408b0a8, R15=0x00007f1d0c10b9d8
RIP=0x00007f1d599b9538, EFLAGS=0x0000000000010206, CSGSFS=0x0000000000000033, ERR=0x0000000000000000
  TRAPNO=0x000000000000000d

Top of Stack: (sp=0x00007f1d253f7240)
0x00007f1d253f7240:   00007f1d253f73a0 00007f1d253f7400
0x00007f1d253f7250:   00007f1d0c10b9d8 00007f1d599d8100
0x00007f1d253f7260:   00007f1d1807df60 00007f1d1807df70
0x00007f1d253f7270:   00007f1d1807e348 00007f1d1c000f98
0x00007f1d253f7280:   00007f1d253f72a0 00000000a48c6e18
0x00007f1d253f7290:   000000000000006f 00007f1d0000000a
0x00007f1d253f72a0:   00000000e1a27850 00007f1d00000000
0x00007f1d253f72b0:   00007f1d253f7410 00007f1d253f7470
0x00007f1d253f72c0:   00007f1d0c10b9d8 0000000100000100
0x00007f1d253f72d0:   00007f1d1807df60 00007f1d253f7288
0x00007f1d253f72e0:   00007f1d253f72c9 0000000800000005
0x00007f1d253f72f0:   00007f1d253f7300 00000000a48c6d70
0x00007f1d253f7300:   00007f1d5a103910 00007f1d540558b0
0x00007f1d253f7310:   00000000fc004cb0 000000399dc1470e
0x00007f1d253f7320:   0000000000000000 00007f1d253f7510
0x00007f1d253f7330:   00007f1d253f7370 00007f1d599d8339
0x00007f1d253f7340:   00007f1d0c10b800 00007f1d253f73a0
0x00007f1d253f7350:   00007f1d0c10b800 00007f1d253f73e0
0x00007f1d253f7360:   00007f1d5408b0a8 00007f1d0c10b9d8
0x00007f1d253f7370:   00007f1d253f7460 00007f1d599c1aac
0x00007f1d253f7380:   00007f1d0c10b800 00007f1cfc19f7d0
0x00007f1d253f7390:   00007f1d253f7470 422f736e6f636965
0x00007f1d253f73a0:   00007f1d5a109b90 00007f1d540558b0
0x00007f1d253f73b0:   000000000c0a7c00 0000000000000063
0x00007f1d253f73c0:   0000000000000000 0000003000000018
0x00007f1d253f73d0:   00007f1d253f7550 00007f1d253f7490
0x00007f1d253f73e0:   00007f1d0c10b800 0000000000000000
0x00007f1d253f73f0:   00007f1d0c10b800 00007f1d253f7430
0x00007f1d253f7400:   00007f1d0000000e 00007f1d00000000
0x00007f1d253f7410:   00007f1d0c10b800 00007f1d54030b50
0x00007f1d253f7420:   00007f1d0c10b800 00007f1d00000004
0x00007f1d253f7430:   00007f1d253f72f0 00007f1d40402b70 

Instructions: (pc=0x00007f1d599b9538)
0x00007f1d599b9518:   00 00 48 85 d2 48 89 bd e0 fe ff ff 48 89 b5 d8
0x00007f1d599b9528:   fe ff ff 4c 89 8d d0 fe ff ff 0f 84 10 05 00 00
0x00007f1d599b9538:   48 8b 32 48 85 f6 0f 84 04 05 00 00 48 8b 45 10
0x00007f1d599b9548:   48 8b b8 10 01 00 00 e8 ac af d1 ff 48 89 85 08 

Register to memory mapping:

RAX=0x00007f1d253f7490 is pointing into the stack for thread: 0x00007f1d0c10b800
RBX=0x00007f1d5408b0a8 is a weak global jni handle
RCX=0x0000000000000001 is an unknown value
RDX=0x422f736e6f636965 is an unknown value
RSP=0x00007f1d253f7240 is pointing into the stack for thread: 0x00007f1d0c10b800
RBP=0x00007f1d253f7370 is pointing into the stack for thread: 0x00007f1d0c10b800
RSI=0x00007f1d253f7400 is pointing into the stack for thread: 0x00007f1d0c10b800
RDI=0x00007f1d0c10b9d8 is an unknown value
R8 =0x00007f1d5408b0a8 is a weak global jni handle
R9 =0x00007f1d253f73a0 is pointing into the stack for thread: 0x00007f1d0c10b800
R10=0x00007f1d5a156520: <offset 0xd02520> in /usr/java/jdk1.7.0_21/jre/lib/amd64/server/libjvm.so at 0x00007f1d59454000
R11=0x00007f1d253f6f30 is pointing into the stack for thread: 0x00007f1d0c10b800
R12=0x0000000000000001 is an unknown value
R13=0x00007f1d253f73e0 is pointing into the stack for thread: 0x00007f1d0c10b800
R14=0x00007f1d5408b0a8 is a weak global jni handle
R15=0x00007f1d0c10b9d8 is an unknown value


Stack: [0x00007f1d252f8000,0x00007f1d253f9000],  sp=0x00007f1d253f7240,  free space=1020k
Native frames: (J=compiled Java code, j=interpreted, Vv=VM code, C=native code)
V  [libjvm.so+0x565538]  jni_invoke_nonstatic(JNIEnv_*, JavaValue*, _jobject*, JNICallType, _jmethodID*, JNI_ArgumentPusher*, Thread*)+0x38
V  [libjvm.so+0x56daac]  jni_CallVoidMethodV+0xec
C  [libglass.so+0x12848]  JNIEnv_::CallVoidMethod(_jobject*, _jmethodID*, ...)+0x98
C  [libglass.so+0x19115]  WindowContextBase::process_key(_GdkEventKey*)+0x215
C  [libglass.so+0x1248a]  process_events(_GdkEvent*, void*)+0x23a

Java frames: (J=compiled Java code, j=interpreted, Vv=VM code)
j  com.sun.glass.ui.gtk.GtkApplication._runLoop([Ljava/lang/String;Lcom/sun/glass/ui/Launchable;Z)V+0
j  com.sun.glass.ui.gtk.GtkApplication$3$1.run()V+38
j  java.lang.Thread.run()V+11
v  ~StubRoutines::call_stub

---------------  P R O C E S S  ---------------

Java Threads: ( => current thread )
  0x00007f1cfc2fa800 JavaThread "Chat messages fetcher" daemon [_thread_blocked, id=24943, stack(0x00007f1cef812000,0x00007f1cef913000)]
  0x00007f1cfc1ca000 JavaThread "ClientListenerThread" [_thread_in_native, id=24913, stack(0x00007f1cef913000,0x00007f1cefa14000)]
  0x00007f1cfc1c5000 JavaThread "ClientListenerThread" [_thread_in_vm, id=24876, stack(0x00007f1cefa14000,0x00007f1cefb15000)]
  0x00007f1d00480000 JavaThread "Java2D Disposer" daemon [_thread_blocked, id=24584, stack(0x00007f1d24971000,0x00007f1d24a72000)]
  0x00007f1cfc0cc000 JavaThread "Prism Font Disposer" daemon [_thread_blocked, id=24560, stack(0x00007f1d24f99000,0x00007f1d2509a000)]
=>0x00007f1d0c10b800 JavaThread "JavaFX Application Thread" [_thread_in_vm, id=24547, stack(0x00007f1d252f8000,0x00007f1d253f9000)]
  0x00007f1d0c10a800 JavaThread "Thread-3" daemon [_thread_blocked, id=24546, stack(0x00007f1d400db000,0x00007f1d401dc000)]
  0x00007f1d0c051000 JavaThread "Disposer" daemon [_thread_blocked, id=24545, stack(0x00007f1d40403000,0x00007f1d40504000)]
  0x00007f1d0c04f000 JavaThread "QuantumRenderer-0" daemon [_thread_blocked, id=24531, stack(0x00007f1d43415000,0x00007f1d43516000)]
  0x00007f1d541a7000 JavaThread "JavaFX-Launcher" [_thread_blocked, id=24524, stack(0x00007f1d43516000,0x00007f1d43617000)]
  0x00007f1d5416c800 JavaThread "traceMsgQueueThread" daemon [_thread_blocked, id=24523, stack(0x00007f1d43846000,0x00007f1d43947000)]
  0x00007f1d540f0000 JavaThread "Service Thread" daemon [_thread_blocked, id=24520, stack(0x00007f1d43afb000,0x00007f1d43bfc000)]
  0x00007f1d540ed800 JavaThread "C2 CompilerThread1" daemon [_thread_blocked, id=24519, stack(0x00007f1d43bfc000,0x00007f1d43cfd000)]
  0x00007f1d540ea800 JavaThread "C2 CompilerThread0" daemon [_thread_blocked, id=24518, stack(0x00007f1d43cfd000,0x00007f1d43dfe000)]
  0x00007f1d540e8800 JavaThread "Signal Dispatcher" daemon [_thread_blocked, id=24517, stack(0x00007f1d43dfe000,0x00007f1d43eff000)]
  0x00007f1d5409a800 JavaThread "Finalizer" daemon [_thread_blocked, id=24513, stack(0x00007f1d43eff000,0x00007f1d44000000)]
  0x00007f1d54098800 JavaThread "Reference Handler" daemon [_thread_blocked, id=24512, stack(0x00007f1d4801f000,0x00007f1d48120000)]
  0x00007f1d54007800 JavaThread "main" [_thread_blocked, id=24492, stack(0x00007f1d59353000,0x00007f1d59454000)]

Other Threads:
  0x00007f1d54091000 VMThread [stack: 0x00007f1d48120000,0x00007f1d48221000] [id=24511]
  0x00007f1d540fa800 WatcherThread [stack: 0x00007f1d439fa000,0x00007f1d43afb000] [id=24521]

VM state:not at safepoint (normal execution)

VM Mutex/Monitor currently owned by a thread: None

Heap
 PSYoungGen      total 393856K, used 137887K [0x00000000e1560000, 0x00000000f9f80000, 0x0000000100000000)
  eden space 385280K, 35% used [0x00000000e1560000,0x00000000e9aaaa88,0x00000000f8da0000)
  from space 8576K, 16% used [0x00000000f9720000,0x00000000f987d558,0x00000000f9f80000)
  to   space 9152K, 0% used [0x00000000f8da0000,0x00000000f8da0000,0x00000000f9690000)
 ParOldGen       total 62848K, used 12356K [0x00000000a4000000, 0x00000000a7d60000, 0x00000000e1560000)
  object space 62848K, 19% used [0x00000000a4000000,0x00000000a4c111e0,0x00000000a7d60000)
 PSPermGen       total 21248K, used 20986K [0x000000009ee00000, 0x00000000a02c0000, 0x00000000a4000000)
  object space 21248K, 98% used [0x000000009ee00000,0x00000000a027ea50,0x00000000a02c0000)

Card table byte_map: [0x00007f1d58707000,0x00007f1d58a11000] byte_map_base: 0x00007f1d58210000

Polling page: 0x00007f1d5a3b7000

Code Cache  [0x00007f1d51000000, 0x00007f1d51270000, 0x00007f1d54000000)
 total_blobs=988 nmethods=367 adapters=573 free_code_cache=47536Kb largest_free_block=48616896

Compilation events (10 events):
Event: 52.739 Thread 0x00007f1d540ea800  369             java.util.ArrayList::<init> (44 bytes)
Event: 52.741 Thread 0x00007f1d540ea800 nmethod 369 0x00007f1d51194150 code [0x00007f1d511942a0, 0x00007f1d511943b8]
Event: 52.741 Thread 0x00007f1d540ea800  370             java.util.Arrays::hashCode (55 bytes)
Event: 52.746 Thread 0x00007f1d540ea800 nmethod 370 0x00007f1d51190bd0 code [0x00007f1d51190d00, 0x00007f1d51190e98]
Event: 52.746 Thread 0x00007f1d540ea800  371             com.sun.javafx.collections.ObservableListWrapper::isEmpty (10 bytes)
Event: 52.747 Thread 0x00007f1d540ea800 nmethod 371 0x00007f1d51190950 code [0x00007f1d51190aa0, 0x00007f1d51190b38]
Event: 52.752 Thread 0x00007f1d540ea800  372             javafx.beans.property.DoublePropertyBase::get (29 bytes)
Event: 52.753 Thread 0x00007f1d540ea800 nmethod 372 0x00007f1d510a9dd0 code [0x00007f1d510a9f20, 0x00007f1d510a9f98]
Event: 52.756 Thread 0x00007f1d540ea800  373             java.lang.Math::round (20 bytes)
Event: 52.758 Thread 0x00007f1d540ea800 nmethod 373 0x00007f1d510a95d0 code [0x00007f1d510a9760, 0x00007f1d510a9878]

GC Heap History (10 events):
Event: 47.449 GC heap before
{Heap before GC invocations=10 (full 0):
 PSYoungGen      total 104576K, used 94048K [0x00000000e1560000, 0x00000000ebcf0000, 0x0000000100000000)
  eden space 94016K, 100% used [0x00000000e1560000,0x00000000e7130000,0x00000000e7130000)
  from space 10560K, 0% used [0x00000000e7130000,0x00000000e7138000,0x00000000e7b80000)
  to   space 10560K, 0% used [0x00000000eb2a0000,0x00000000eb2a0000,0x00000000ebcf0000)
 ParOldGen       total 62848K, used 12175K [0x00000000a4000000, 0x00000000a7d60000, 0x00000000e1560000)
  object space 62848K, 19% used [0x00000000a4000000,0x00000000a4be3fa0,0x00000000a7d60000)
 PSPermGen       total 21248K, used 18740K [0x000000009ee00000, 0x00000000a02c0000, 0x00000000a4000000)
  object space 21248K, 88% used [0x000000009ee00000,0x00000000a004d010,0x00000000a02c0000)
Event: 47.451 GC heap after
Heap after GC invocations=10 (full 0):
 PSYoungGen      total 160768K, used 128K [0x00000000e1560000, 0x00000000ebcb0000, 0x0000000100000000)
  eden space 150464K, 0% used [0x00000000e1560000,0x00000000e1560000,0x00000000ea850000)
  from space 10304K, 1% used [0x00000000eb2a0000,0x00000000eb2c0000,0x00000000ebcb0000)
  to   space 10432K, 0% used [0x00000000ea850000,0x00000000ea850000,0x00000000eb280000)
 ParOldGen       total 62848K, used 12175K [0x00000000a4000000, 0x00000000a7d60000, 0x00000000e1560000)
  object space 62848K, 19% used [0x00000000a4000000,0x00000000a4be3fa0,0x00000000a7d60000)
 PSPermGen       total 21248K, used 18740K [0x000000009ee00000, 0x00000000a02c0000, 0x00000000a4000000)
  object space 21248K, 88% used [0x000000009ee00000,0x00000000a004d010,0x00000000a02c0000)
}
Event: 47.912 GC heap before
{Heap before GC invocations=11 (full 0):
 PSYoungGen      total 160768K, used 150592K [0x00000000e1560000, 0x00000000ebcb0000, 0x0000000100000000)
  eden space 150464K, 100% used [0x00000000e1560000,0x00000000ea850000,0x00000000ea850000)
  from space 10304K, 1% used [0x00000000eb2a0000,0x00000000eb2c0000,0x00000000ebcb0000)
  to   space 10432K, 0% used [0x00000000ea850000,0x00000000ea850000,0x00000000eb280000)
 ParOldGen       total 62848K, used 12175K [0x00000000a4000000, 0x00000000a7d60000, 0x00000000e1560000)
  object space 62848K, 19% used [0x00000000a4000000,0x00000000a4be3fa0,0x00000000a7d60000)
 PSPermGen       total 21248K, used 18740K [0x000000009ee00000, 0x00000000a02c0000, 0x00000000a4000000)
  object space 21248K, 88% used [0x000000009ee00000,0x00000000a004d160,0x00000000a02c0000)
Event: 47.913 GC heap after
Heap after GC invocations=11 (full 0):
 PSYoungGen      total 160896K, used 32K [0x00000000e1560000, 0x00000000f14a0000, 0x0000000100000000)
  eden space 150464K, 0% used [0x00000000e1560000,0x00000000e1560000,0x00000000ea850000)
  from space 10432K, 0% used [0x00000000ea850000,0x00000000ea858000,0x00000000eb280000)
  to   space 10304K, 0% used [0x00000000f0a90000,0x00000000f0a90000,0x00000000f14a0000)
 ParOldGen       total 62848K, used 12199K [0x00000000a4000000, 0x00000000a7d60000, 0x00000000e1560000)
  object space 62848K, 19% used [0x00000000a4000000,0x00000000a4be9fa0,0x00000000a7d60000)
 PSPermGen       total 21248K, used 18740K [0x000000009ee00000, 0x00000000a02c0000, 0x00000000a4000000)
  object space 21248K, 88% used [0x000000009ee00000,0x00000000a004d160,0x00000000a02c0000)
}
Event: 48.374 GC heap before
{Heap before GC invocations=12 (full 0):
 PSYoungGen      total 160896K, used 150496K [0x00000000e1560000, 0x00000000f14a0000, 0x0000000100000000)
  eden space 150464K, 100% used [0x00000000e1560000,0x00000000ea850000,0x00000000ea850000)
  from space 10432K, 0% used [0x00000000ea850000,0x00000000ea858000,0x00000000eb280000)
  to   space 10304K, 0% used [0x00000000f0a90000,0x00000000f0a90000,0x00000000f14a0000)
 ParOldGen       total 62848K, used 12199K [0x00000000a4000000, 0x00000000a7d60000, 0x00000000e1560000)
  object space 62848K, 19% used [0x00000000a4000000,0x00000000a4be9fa0,0x00000000a7d60000)
 PSPermGen       total 21248K, used 18740K [0x000000009ee00000, 0x00000000a02c0000, 0x00000000a4000000)
  object space 21248K, 88% used [0x000000009ee00000,0x00000000a004d208,0x00000000a02c0000)
Event: 48.376 GC heap after
Heap after GC invocations=12 (full 0):
 PSYoungGen      total 250560K, used 96K [0x00000000e1560000, 0x00000000f1420000, 0x0000000100000000)
  eden space 240768K, 0% used [0x00000000e1560000,0x00000000e1560000,0x00000000f0080000)
  from space 9792K, 0% used [0x00000000f0a90000,0x00000000f0aa8000,0x00000000f1420000)
  to   space 10048K, 0% used [0x00000000f0080000,0x00000000f0080000,0x00000000f0a50000)
 ParOldGen       total 62848K, used 12199K [0x00000000a4000000, 0x00000000a7d60000, 0x00000000e1560000)
  object space 62848K, 19% used [0x00000000a4000000,0x00000000a4be9fa0,0x00000000a7d60000)
 PSPermGen       total 21248K, used 18740K [0x000000009ee00000, 0x00000000a02c0000, 0x00000000a4000000)
  object space 21248K, 88% used [0x000000009ee00000,0x00000000a004d208,0x00000000a02c0000)
}
Event: 49.309 GC heap before
{Heap before GC invocations=13 (full 0):
 PSYoungGen      total 250560K, used 240864K [0x00000000e1560000, 0x00000000f1420000, 0x0000000100000000)
  eden space 240768K, 100% used [0x00000000e1560000,0x00000000f0080000,0x00000000f0080000)
  from space 9792K, 0% used [0x00000000f0a90000,0x00000000f0aa8000,0x00000000f1420000)
  to   space 10048K, 0% used [0x00000000f0080000,0x00000000f0080000,0x00000000f0a50000)
 ParOldGen       total 62848K, used 12199K [0x00000000a4000000, 0x00000000a7d60000, 0x00000000e1560000)
  object space 62848K, 19% used [0x00000000a4000000,0x00000000a4be9fa0,0x00000000a7d60000)
 PSPermGen       total 21248K, used 19214K [0x000000009ee00000, 0x00000000a02c0000, 0x00000000a4000000)
  object space 21248K, 90% used [0x000000009ee00000,0x00000000a00c3a40,0x00000000a02c0000)
Event: 49.311 GC heap after
Heap after GC invocations=13 (full 0):
 PSYoungGen      total 250816K, used 281K [0x00000000e1560000, 0x00000000fa0a0000, 0x0000000100000000)
  eden space 240768K, 0% used [0x00000000e1560000,0x00000000e1560000,0x00000000f0080000)
  from space 10048K, 2% used [0x00000000f0080000,0x00000000f00c6660,0x00000000f0a50000)
  to   space 9728K, 0% used [0x00000000f9720000,0x00000000f9720000,0x00000000fa0a0000)
 ParOldGen       total 62848K, used 12199K [0x00000000a4000000, 0x00000000a7d60000, 0x00000000e1560000)
  object space 62848K, 19% used [0x00000000a4000000,0x00000000a4be9fa0,0x00000000a7d60000)
 PSPermGen       total 21248K, used 19214K [0x000000009ee00000, 0x00000000a02c0000, 0x00000000a4000000)
  object space 21248K, 90% used [0x000000009ee00000,0x00000000a00c3a40,0x00000000a02c0000)
}
Event: 51.745 GC heap before
{Heap before GC invocations=14 (full 0):
 PSYoungGen      total 250816K, used 241049K [0x00000000e1560000, 0x00000000fa0a0000, 0x0000000100000000)
  eden space 240768K, 100% used [0x00000000e1560000,0x00000000f0080000,0x00000000f0080000)
  from space 10048K, 2% used [0x00000000f0080000,0x00000000f00c6660,0x00000000f0a50000)
  to   space 9728K, 0% used [0x00000000f9720000,0x00000000f9720000,0x00000000fa0a0000)
 ParOldGen       total 62848K, used 12199K [0x00000000a4000000, 0x00000000a7d60000, 0x00000000e1560000)
  object space 62848K, 19% used [0x00000000a4000000,0x00000000a4be9fa0,0x00000000a7d60000)
 PSPermGen       total 21248K, used 19799K [0x000000009ee00000, 0x00000000a02c0000, 0x00000000a4000000)
  object space 21248K, 93% used [0x000000009ee00000,0x00000000a0155c48,0x00000000a02c0000)
Event: 51.764 GC heap after
Heap after GC invocations=14 (full 0):
 PSYoungGen      total 393856K, used 1397K [0x00000000e1560000, 0x00000000f9f80000, 0x0000000100000000)
  eden space 385280K, 0% used [0x00000000e1560000,0x00000000e1560000,0x00000000f8da0000)
  from space 8576K, 16% used [0x00000000f9720000,0x00000000f987d558,0x00000000f9f80000)
  to   space 9152K, 0% used [0x00000000f8da0000,0x00000000f8da0000,0x00000000f9690000)
 ParOldGen       total 62848K, used 12356K [0x00000000a4000000, 0x00000000a7d60000, 0x00000000e1560000)
  object space 62848K, 19% used [0x00000000a4000000,0x00000000a4c111e0,0x00000000a7d60000)
 PSPermGen       total 21248K, used 19799K [0x000000009ee00000, 0x00000000a02c0000, 0x00000000a4000000)
  object space 21248K, 93% used [0x000000009ee00000,0x00000000a0155c48,0x00000000a02c0000)
}

Deoptimization events (10 events):
Event: 52.298 Thread 0x00007f1d0c10b800 Uncommon trap -34 fr.pc 0x00007f1d510ea624
Event: 52.551 Thread 0x00007f1d0c10b800 Uncommon trap -12 fr.pc 0x00007f1d51182e5c
Event: 52.594 Thread 0x00007f1d0c10b800 Uncommon trap -12 fr.pc 0x00007f1d51085000
Event: 52.595 Thread 0x00007f1d0c10b800 Uncommon trap -12 fr.pc 0x00007f1d51172614
Event: 52.612 Thread 0x00007f1d0c10b800 Uncommon trap -83 fr.pc 0x00007f1d51171f68
Event: 52.613 Thread 0x00007f1d0c10b800 Uncommon trap -83 fr.pc 0x00007f1d5116a6a0
Event: 52.675 Thread 0x00007f1d0c10b800 Uncommon trap -58 fr.pc 0x00007f1d5118decc
Event: 52.678 Thread 0x00007f1d0c10b800 Uncommon trap -58 fr.pc 0x00007f1d5118decc
Event: 52.680 Thread 0x00007f1d0c10b800 Uncommon trap -58 fr.pc 0x00007f1d5118decc
Event: 52.719 Thread 0x00007f1d0c10b800 Uncommon trap -58 fr.pc 0x00007f1d5118decc

Internal exceptions (10 events):
Event: 51.973 Thread 0x00007f1d0c10b800 Threw 0x00000000e26b0ab0 at /HUDSON/workspace/jdk7u21-2-build-linux-amd64-product/jdk7u21/hotspot/src/share/vm/prims/jvm.cpp:1166
Event: 51.973 Thread 0x00007f1d0c10b800 Threw 0x00000000e26b1998 at /HUDSON/workspace/jdk7u21-2-build-linux-amd64-product/jdk7u21/hotspot/src/share/vm/prims/jvm.cpp:1166
Event: 51.973 Thread 0x00007f1d0c10b800 Threw 0x00000000e26b28d8 at /HUDSON/workspace/jdk7u21-2-build-linux-amd64-product/jdk7u21/hotspot/src/share/vm/prims/jvm.cpp:1166
Event: 51.973 Thread 0x00007f1d0c10b800 Threw 0x00000000e26b3ae0 at /HUDSON/workspace/jdk7u21-2-build-linux-amd64-product/jdk7u21/hotspot/src/share/vm/prims/jvm.cpp:1166
Event: 51.973 Thread 0x00007f1d0c10b800 Threw 0x00000000e26b4c40 at /HUDSON/workspace/jdk7u21-2-build-linux-amd64-product/jdk7u21/hotspot/src/share/vm/prims/jvm.cpp:1166
Event: 51.973 Thread 0x00007f1d0c10b800 Threw 0x00000000e26b5c40 at /HUDSON/workspace/jdk7u21-2-build-linux-amd64-product/jdk7u21/hotspot/src/share/vm/prims/jvm.cpp:1166
Event: 51.974 Thread 0x00007f1d0c10b800 Threw 0x00000000e26b6e60 at /HUDSON/workspace/jdk7u21-2-build-linux-amd64-product/jdk7u21/hotspot/src/share/vm/prims/jvm.cpp:1166
Event: 51.974 Thread 0x00007f1d0c10b800 Threw 0x00000000e26b8080 at /HUDSON/workspace/jdk7u21-2-build-linux-amd64-product/jdk7u21/hotspot/src/share/vm/prims/jvm.cpp:1166
Event: 52.036 Thread 0x00007f1cfc2fa800 Threw 0x00000000e283c168 at /HUDSON/workspace/jdk7u21-2-build-linux-amd64-product/jdk7u21/hotspot/src/share/vm/prims/jni.cpp:1631
Event: 52.083 Thread 0x00007f1cfc1ca000 Threw 0x00000000e3a06868 at /HUDSON/workspace/jdk7u21-2-build-linux-amd64-product/jdk7u21/hotspot/src/share/vm/prims/jni.cpp:1631

Events (10 events):
Event: 52.678 Thread 0x00007f1d0c10b800 DEOPT PACKING pc=0x00007f1d5118decc sp=0x00007f1d253f38e0
Event: 52.678 Thread 0x00007f1d0c10b800 DEOPT UNPACKING pc=0x00007f1d51039145 sp=0x00007f1d253f37d8 mode 2
Event: 52.680 Thread 0x00007f1d0c10b800 DEOPT PACKING pc=0x00007f1d5118decc sp=0x00007f1d253f38a0
Event: 52.680 Thread 0x00007f1d0c10b800 DEOPT UNPACKING pc=0x00007f1d51039145 sp=0x00007f1d253f3798 mode 2
Event: 52.707 loading class 0x00007f1cfc268990
Event: 52.707 loading class 0x00007f1cfc268990 done
Event: 52.719 Thread 0x00007f1d0c10b800 DEOPT PACKING pc=0x00007f1d5118decc sp=0x00007f1d253f3620
Event: 52.719 Thread 0x00007f1d0c10b800 DEOPT UNPACKING pc=0x00007f1d51039145 sp=0x00007f1d253f3518 mode 2
Event: 52.759 loading class 0x00007f1d5414c8f0
Event: 52.759 loading class 0x00007f1d5414c8f0 done


Dynamic libraries:
00400000-00401000 r-xp 00000000 08:08 542568                             /usr/java/jdk1.7.0_21/bin/java
00600000-00601000 rw-p 00000000 08:08 542568                             /usr/java/jdk1.7.0_21/bin/java
01bf5000-01c16000 rw-p 00000000 00:00 0                                  [heap]
9ee00000-a02c0000 rw-p 00000000 00:00 0 
a02c0000-a4000000 rw-p 00000000 00:00 0 
a4000000-a7d60000 rw-p 00000000 00:00 0 
a7d60000-e1560000 rw-p 00000000 00:00 0 
e1560000-f9f80000 rw-p 00000000 00:00 0 
f9f80000-fa0a0000 ---p 00000000 00:00 0 
fa0a0000-100000000 rw-p 00000000 00:00 0 
3344800000-3344810000 r-xp 00000000 08:08 262844                         /usr/lib64/libudev.so.1.3.2
3344810000-3344a0f000 ---p 00010000 08:08 262844                         /usr/lib64/libudev.so.1.3.2
3344a0f000-3344a10000 r--p 0000f000 08:08 262844                         /usr/lib64/libudev.so.1.3.2
3344a10000-3344a11000 rw-p 00010000 08:08 262844                         /usr/lib64/libudev.so.1.3.2
3347400000-3347406000 r-xp 00000000 08:08 304157                         /usr/lib64/libogg.so.0.8.0
3347406000-3347605000 ---p 00006000 08:08 304157                         /usr/lib64/libogg.so.0.8.0
3347605000-3347606000 r--p 00005000 08:08 304157                         /usr/lib64/libogg.so.0.8.0
3347606000-3347607000 rw-p 00006000 08:08 304157                         /usr/lib64/libogg.so.0.8.0
3347800000-334782c000 r-xp 00000000 08:08 300542                         /usr/lib64/libvorbis.so.0.4.6
334782c000-3347a2b000 ---p 0002c000 08:08 300542                         /usr/lib64/libvorbis.so.0.4.6
3347a2b000-3347a2c000 r--p 0002b000 08:08 300542                         /usr/lib64/libvorbis.so.0.4.6
3347a2c000-3347a2d000 rw-p 0002c000 08:08 300542                         /usr/lib64/libvorbis.so.0.4.6
3348800000-3348807000 r-xp 00000000 08:08 306136                         /usr/lib64/libvorbisfile.so.3.3.5
3348807000-3348a07000 ---p 00007000 08:08 306136                         /usr/lib64/libvorbisfile.so.3.3.5
3348a07000-3348a08000 r--p 00007000 08:08 306136                         /usr/lib64/libvorbisfile.so.3.3.5
3348a08000-3348a09000 rw-p 00008000 08:08 306136                         /usr/lib64/libvorbisfile.so.3.3.5
3348c00000-3348c0f000 r-xp 00000000 08:08 306137                         /usr/lib64/libcanberra.so.0.2.5
3348c0f000-3348e0f000 ---p 0000f000 08:08 306137                         /usr/lib64/libcanberra.so.0.2.5
3348e0f000-3348e10000 r--p 0000f000 08:08 306137                         /usr/lib64/libcanberra.so.0.2.5
3348e10000-3348e11000 rw-p 00010000 08:08 306137                         /usr/lib64/libcanberra.so.0.2.5
3840c00000-3840c0b000 r-xp 00000000 08:08 345632                         /usr/lib64/libpangocairo-1.0.so.0.3200.3
3840c0b000-3840e0b000 ---p 0000b000 08:08 345632                         /usr/lib64/libpangocairo-1.0.so.0.3200.3
3840e0b000-3840e0c000 r--p 0000b000 08:08 345632                         /usr/lib64/libpangocairo-1.0.so.0.3200.3
3840e0c000-3840e0d000 rw-p 0000c000 08:08 345632                         /usr/lib64/libpangocairo-1.0.so.0.3200.3
3841000000-3841049000 r-xp 00000000 08:08 345630                         /usr/lib64/libpango-1.0.so.0.3200.3
3841049000-3841249000 ---p 00049000 08:08 345630                         /usr/lib64/libpango-1.0.so.0.3200.3
3841249000-384124b000 r--p 00049000 08:08 345630                         /usr/lib64/libpango-1.0.so.0.3200.3
384124b000-384124c000 rw-p 0004b000 08:08 345630                         /usr/lib64/libpango-1.0.so.0.3200.3
3841400000-3841414000 r-xp 00000000 08:08 345631                         /usr/lib64/libpangoft2-1.0.so.0.3200.3
3841414000-3841613000 ---p 00014000 08:08 345631                         /usr/lib64/libpangoft2-1.0.so.0.3200.3
3841613000-3841614000 r--p 00013000 08:08 345631                         /usr/lib64/libpangoft2-1.0.so.0.3200.3
3841614000-3841615000 rw-p 00014000 08:08 345631                         /usr/lib64/libpangoft2-1.0.so.0.3200.3
3841800000-3841c6a000 r-xp 00000000 08:08 345634                         /usr/lib64/libgtk-x11-2.0.so.0.2400.18
3841c6a000-3841e6a000 ---p 0046a000 08:08 345634                         /usr/lib64/libgtk-x11-2.0.so.0.2400.18
3841e6a000-3841e71000 r--p 0046a000 08:08 345634                         /usr/lib64/libgtk-x11-2.0.so.0.2400.18
3841e71000-3841e75000 rw-p 00471000 08:08 345634                         /usr/lib64/libgtk-x11-2.0.so.0.2400.18
3841e75000-3841e77000 rw-p 00000000 00:00 0 
3842000000-38420ba000 r-xp 00000000 08:08 345633                         /usr/lib64/libgdk-x11-2.0.so.0.2400.18
38420ba000-38422b9000 ---p 000ba000 08:08 345633                         /usr/lib64/libgdk-x11-2.0.so.0.2400.18
38422b9000-38422bd000 r--p 000b9000 08:08 345633                         /usr/lib64/libgdk-x11-2.0.so.0.2400.18
38422bd000-38422bf000 rw-p 000bd000 08:08 345633                         /usr/lib64/libgdk-x11-2.0.so.0.2400.18
3842400000-3842404000 r-xp 00000000 08:08 266717                         /usr/lib64/libcanberra-gtk.so.0.1.9
3842404000-3842603000 ---p 00004000 08:08 266717                         /usr/lib64/libcanberra-gtk.so.0.1.9
3842603000-3842604000 r--p 00003000 08:08 266717                         /usr/lib64/libcanberra-gtk.so.0.1.9
3842604000-3842605000 rw-p 00004000 08:08 266717                         /usr/lib64/libcanberra-gtk.so.0.1.9
399a400000-399a420000 r-xp 00000000 08:08 262320                         /usr/lib64/ld-2.16.so
399a620000-399a621000 r--p 00020000 08:08 262320                         /usr/lib64/ld-2.16.so
399a621000-399a622000 rw-p 00021000 08:08 262320                         /usr/lib64/ld-2.16.so
399a622000-399a623000 rw-p 00000000 00:00 0 
399a800000-399a9ad000 r-xp 00000000 08:08 262327                         /usr/lib64/libc-2.16.so
399a9ad000-399abad000 ---p 001ad000 08:08 262327                         /usr/lib64/libc-2.16.so
399abad000-399abb1000 r--p 001ad000 08:08 262327                         /usr/lib64/libc-2.16.so
399abb1000-399abb3000 rw-p 001b1000 08:08 262327                         /usr/lib64/libc-2.16.so
399abb3000-399abb8000 rw-p 00000000 00:00 0 
399ac00000-399ac03000 r-xp 00000000 08:08 262946                         /usr/lib64/libdl-2.16.so
399ac03000-399ae02000 ---p 00003000 08:08 262946                         /usr/lib64/libdl-2.16.so
399ae02000-399ae03000 r--p 00002000 08:08 262946                         /usr/lib64/libdl-2.16.so
399ae03000-399ae04000 rw-p 00003000 08:08 262946                         /usr/lib64/libdl-2.16.so
399b000000-399b016000 r-xp 00000000 08:08 263807                         /usr/lib64/libpthread-2.16.so
399b016000-399b216000 ---p 00016000 08:08 263807                         /usr/lib64/libpthread-2.16.so
399b216000-399b217000 r--p 00016000 08:08 263807                         /usr/lib64/libpthread-2.16.so
399b217000-399b218000 rw-p 00017000 08:08 263807                         /usr/lib64/libpthread-2.16.so
399b218000-399b21c000 rw-p 00000000 00:00 0 
399b400000-399b407000 r-xp 00000000 08:08 264894                         /usr/lib64/librt-2.16.so
399b407000-399b606000 ---p 00007000 08:08 264894                         /usr/lib64/librt-2.16.so
399b606000-399b607000 r--p 00006000 08:08 264894                         /usr/lib64/librt-2.16.so
399b607000-399b608000 rw-p 00007000 08:08 264894                         /usr/lib64/librt-2.16.so
399b800000-399b815000 r-xp 00000000 08:08 262970                         /usr/lib64/libz.so.1.2.7
399b815000-399ba14000 ---p 00015000 08:08 262970                         /usr/lib64/libz.so.1.2.7
399ba14000-399ba15000 r--p 00014000 08:08 262970                         /usr/lib64/libz.so.1.2.7
399ba15000-399ba16000 rw-p 00015000 08:08 262970                         /usr/lib64/libz.so.1.2.7
399bc00000-399bd00000 r-xp 00000000 08:08 262703                         /usr/lib64/libm-2.16.so
399bd00000-399beff000 ---p 00100000 08:08 262703                         /usr/lib64/libm-2.16.so
399beff000-399bf00000 r--p 000ff000 08:08 262703                         /usr/lib64/libm-2.16.so
399bf00000-399bf01000 rw-p 00100000 08:08 262703                         /usr/lib64/libm-2.16.so
399c000000-399c015000 r-xp 00000000 08:08 263137                         /usr/lib64/libgcc_s-4.7.2-20121109.so.1
399c015000-399c214000 ---p 00015000 08:08 263137                         /usr/lib64/libgcc_s-4.7.2-20121109.so.1
399c214000-399c215000 r--p 00014000 08:08 263137                         /usr/lib64/libgcc_s-4.7.2-20121109.so.1
399c215000-399c216000 rw-p 00015000 08:08 263137                         /usr/lib64/libgcc_s-4.7.2-20121109.so.1
399cc00000-399cc16000 r-xp 00000000 08:08 265958                         /usr/lib64/libresolv-2.16.so
399cc16000-399ce15000 ---p 00016000 08:08 265958                         /usr/lib64/libresolv-2.16.so
399ce15000-399ce16000 r--p 00015000 08:08 265958                         /usr/lib64/libresolv-2.16.so
399ce16000-399ce17000 rw-p 00016000 08:08 265958                         /usr/lib64/libresolv-2.16.so
399ce17000-399ce19000 rw-p 00000000 00:00 0 
399d000000-399d120000 r-xp 00000000 08:08 265001                         /usr/lib64/libglib-2.0.so.0.3400.2
399d120000-399d31f000 ---p 00120000 08:08 265001                         /usr/lib64/libglib-2.0.so.0.3400.2
399d31f000-399d320000 r--p 0011f000 08:08 265001                         /usr/lib64/libglib-2.0.so.0.3400.2
399d320000-399d321000 rw-p 00120000 08:08 265001                         /usr/lib64/libglib-2.0.so.0.3400.2
399d321000-399d322000 rw-p 00000000 00:00 0 
399d400000-399d401000 r-xp 00000000 08:08 265146                         /usr/lib64/libgthread-2.0.so.0.3400.2
399d401000-399d600000 ---p 00001000 08:08 265146                         /usr/lib64/libgthread-2.0.so.0.3400.2
399d600000-399d601000 r--p 00000000 08:08 265146                         /usr/lib64/libgthread-2.0.so.0.3400.2
399d601000-399d602000 rw-p 00001000 08:08 265146                         /usr/lib64/libgthread-2.0.so.0.3400.2
399d800000-399d807000 r-xp 00000000 08:08 265147                         /usr/lib64/libffi.so.5.0.10
399d807000-399da06000 ---p 00007000 08:08 265147                         /usr/lib64/libffi.so.5.0.10
399da06000-399da07000 r--p 00006000 08:08 265147                         /usr/lib64/libffi.so.5.0.10
399da07000-399da08000 rw-p 00007000 08:08 265147                         /usr/lib64/libffi.so.5.0.10
399dc00000-399dc4c000 r-xp 00000000 08:08 265148                         /usr/lib64/libgobject-2.0.so.0.3400.2
399dc4c000-399de4c000 ---p 0004c000 08:08 265148                         /usr/lib64/libgobject-2.0.so.0.3400.2
399de4c000-399de4d000 r--p 0004c000 08:08 265148                         /usr/lib64/libgobject-2.0.so.0.3400.2
399de4d000-399de4e000 rw-p 0004d000 08:08 265148                         /usr/lib64/libgobject-2.0.so.0.3400.2
399e000000-399e003000 r-xp 00000000 08:08 265152                         /usr/lib64/libgmodule-2.0.so.0.3400.2
399e003000-399e202000 ---p 00003000 08:08 265152                         /usr/lib64/libgmodule-2.0.so.0.3400.2
399e202000-399e203000 r--p 00002000 08:08 265152                         /usr/lib64/libgmodule-2.0.so.0.3400.2
399e203000-399e204000 rw-p 00003000 08:08 265152                         /usr/lib64/libgmodule-2.0.so.0.3400.2
399e400000-399e4e5000 r-xp 00000000 08:08 263205                         /usr/lib64/libstdc++.so.6.0.17
399e4e5000-399e6e4000 ---p 000e5000 08:08 263205                         /usr/lib64/libstdc++.so.6.0.17
399e6e4000-399e6ec000 r--p 000e4000 08:08 263205                         /usr/lib64/libstdc++.so.6.0.17
399e6ec000-399e6ee000 rw-p 000ec000 08:08 263205                         /usr/lib64/libstdc++.so.6.0.17
399e6ee000-399e703000 rw-p 00000000 00:00 0 
399ec00000-399ec02000 r-xp 00000000 08:08 266073                         /usr/lib64/libXau.so.6.0.0
399ec02000-399ee02000 ---p 00002000 08:08 266073                         /usr/lib64/libXau.so.6.0.0
399ee02000-399ee03000 r--p 00002000 08:08 266073                         /usr/lib64/libXau.so.6.0.0
399ee03000-399ee04000 rw-p 00003000 08:08 266073                         /usr/lib64/libXau.so.6.0.0
39a0400000-39a0426000 r-xp 00000000 08:08 263132                         /usr/lib64/libexpat.so.1.6.0
39a0426000-39a0626000 ---p 00026000 08:08 263132                         /usr/lib64/libexpat.so.1.6.0
39a0626000-39a0628000 r--p 00026000 08:08 263132                         /usr/lib64/libexpat.so.1.6.0
39a0628000-39a0629000 rw-p 00028000 08:08 263132                         /usr/lib64/libexpat.so.1.6.0
39a0800000-39a0829000 r-xp 00000000 08:08 262987                         /usr/lib64/libpng15.so.15.13.0
39a0829000-39a0a28000 ---p 00029000 08:08 262987                         /usr/lib64/libpng15.so.15.13.0
39a0a28000-39a0a29000 r--p 00028000 08:08 262987                         /usr/lib64/libpng15.so.15.13.0
39a0a29000-39a0a2a000 rw-p 00029000 08:08 262987                         /usr/lib64/libpng15.so.15.13.0
39a1400000-39a149b000 r-xp 00000000 08:08 263122                         /usr/lib64/libfreetype.so.6.9.0
39a149b000-39a169a000 ---p 0009b000 08:08 263122                         /usr/lib64/libfreetype.so.6.9.0
39a169a000-39a16a0000 r--p 0009a000 08:08 263122                         /usr/lib64/libfreetype.so.6.9.0
39a16a0000-39a16a1000 rw-p 000a0000 08:08 263122                         /usr/lib64/libfreetype.so.6.9.0
39a2400000-39a2437000 r-xp 00000000 08:08 263134                         /usr/lib64/libfontconfig.so.1.6.2
39a2437000-39a2637000 ---p 00037000 08:08 263134                         /usr/lib64/libfontconfig.so.1.6.2
39a2637000-39a2638000 r--p 00037000 08:08 263134                         /usr/lib64/libfontconfig.so.1.6.2
39a2638000-39a2639000 rw-p 00038000 08:08 263134                         /usr/lib64/libfontconfig.so.1.6.2
39a2639000-39a263a000 rw-p 00000000 00:00 0 
39a4000000-39a401b000 r-xp 00000000 08:08 279768                         /usr/lib64/libgraphite2.so.2.0.0
39a401b000-39a421a000 ---p 0001b000 08:08 279768                         /usr/lib64/libgraphite2.so.2.0.0
39a421a000-39a421c000 r--p 0001a000 08:08 279768                         /usr/lib64/libgraphite2.so.2.0.0
39a421c000-39a421d000 rw-p 0001c000 08:08 279768                         /usr/lib64/libgraphite2.so.2.0.0
39a5000000-39a6120000 r-xp 00000000 08:08 285665                         /usr/lib64/libicudata.so.49.1.1
39a6120000-39a631f000 ---p 01120000 08:08 285665                         /usr/lib64/libicudata.so.49.1.1
39a631f000-39a6320000 r--p 0111f000 08:08 285665                         /usr/lib64/libicudata.so.49.1.1
39a6320000-39a6321000 rw-p 01120000 08:08 285665                         /usr/lib64/libicudata.so.49.1.1
39a6c00000-39a6d63000 r-xp 00000000 08:08 285666                         /usr/lib64/libicuuc.so.49.1.1
39a6d63000-39a6f62000 ---p 00163000 08:08 285666                         /usr/lib64/libicuuc.so.49.1.1
39a6f62000-39a6f73000 r--p 00162000 08:08 285666                         /usr/lib64/libicuuc.so.49.1.1
39a6f73000-39a6f74000 rw-p 00173000 08:08 285666                         /usr/lib64/libicuuc.so.49.1.1
39a6f74000-39a6f78000 rw-p 00000000 00:00 0 
39a7c00000-39a7c94000 r-xp 00000000 08:08 285673                         /usr/lib64/libharfbuzz.so.0.912.0
39a7c94000-39a7e93000 ---p 00094000 08:08 285673                         /usr/lib64/libharfbuzz.so.0.912.0
39a7e93000-39a7e95000 r--p 00093000 08:08 285673                         /usr/lib64/libharfbuzz.so.0.912.0
39a7e95000-39a7e96000 rw-p 00095000 08:08 285673                         /usr/lib64/libharfbuzz.so.0.912.0
39a8400000-39a840f000 r-xp 00000000 08:08 279670                         /usr/lib64/libwayland-server.so.0.0.0
39a840f000-39a860e000 ---p 0000f000 08:08 279670                         /usr/lib64/libwayland-server.so.0.0.0
39a860e000-39a8610000 r--p 0000e000 08:08 279670                         /usr/lib64/libwayland-server.so.0.0.0
39a8610000-39a8611000 rw-p 00010000 08:08 279670                         /usr/lib64/libwayland-server.so.0.0.0
39a8800000-39a883e000 r-xp 00000000 08:08 285668                         /usr/lib64/libicule.so.49.1.1
39a883e000-39a8a3e000 ---p 0003e000 08:08 285668                         /usr/lib64/libicule.so.49.1.1
39a8a3e000-39a8a40000 r--p 0003e000 08:08 285668                         /usr/lib64/libicule.so.49.1.1
39a8a40000-39a8a41000 rw-p 00040000 08:08 285668                         /usr/lib64/libicule.so.49.1.1
39a9000000-39a900a000 r-xp 00000000 08:08 279669                         /usr/lib64/libwayland-client.so.0.1.0
39a900a000-39a9209000 ---p 0000a000 08:08 279669                         /usr/lib64/libwayland-client.so.0.1.0
39a9209000-39a920b000 r--p 00009000 08:08 279669                         /usr/lib64/libwayland-client.so.0.1.0
39a920b000-39a920c000 rw-p 0000b000 08:08 279669                         /usr/lib64/libwayland-client.so.0.1.0
39aa000000-39aa091000 r-xp 00000000 08:08 262690                         /usr/lib64/libpixman-1.so.0.28.0
39aa091000-39aa290000 ---p 00091000 08:08 262690                         /usr/lib64/libpixman-1.so.0.28.0
39aa290000-39aa297000 r--p 00090000 08:08 262690                         /usr/lib64/libpixman-1.so.0.28.0
39aa297000-39aa298000 rw-p 00097000 08:08 262690                         /usr/lib64/libpixman-1.so.0.28.0
39aa400000-39aa420000 r-xp 00000000 08:08 289915                         /usr/lib64/libatk-1.0.so.0.20609.1
39aa420000-39aa620000 ---p 00020000 08:08 289915                         /usr/lib64/libatk-1.0.so.0.20609.1
39aa620000-39aa622000 r--p 00020000 08:08 289915                         /usr/lib64/libatk-1.0.so.0.20609.1
39aa622000-39aa623000 rw-p 00022000 08:08 289915                         /usr/lib64/libatk-1.0.so.0.20609.1
39ac400000-39ac466000 r-xp 00000000 08:08 265975                         /usr/lib64/libfreebl3.so
39ac466000-39ac666000 ---p 00066000 08:08 265975                         /usr/lib64/libfreebl3.so
39ac666000-39ac667000 r--p 00066000 08:08 265975                         /usr/lib64/libfreebl3.so
39ac667000-39ac668000 rw-p 00067000 08:08 265975                         /usr/lib64/libfreebl3.so
39ac668000-39ac66c000 rw-p 00000000 00:00 0 
39aec00000-39aec08000 r-xp 00000000 08:08 266023                         /usr/lib64/libcrypt-2.16.so
39aec08000-39aee07000 ---p 00008000 08:08 266023                         /usr/lib64/libcrypt-2.16.so
39aee07000-39aee08000 r--p 00007000 08:08 266023                         /usr/lib64/libcrypt-2.16.so
39aee08000-39aee09000 rw-p 00008000 08:08 266023                         /usr/lib64/libcrypt-2.16.so
39aee09000-39aee37000 rw-p 00000000 00:00 0 
39b4c00000-39b4c11000 r-xp 00000000 08:08 265990                         /usr/lib64/libtdb.so.1.2.11
39b4c11000-39b4e11000 ---p 00011000 08:08 265990                         /usr/lib64/libtdb.so.1.2.11
39b4e11000-39b4e12000 r--p 00011000 08:08 265990                         /usr/lib64/libtdb.so.1.2.11
39b4e12000-39b4e13000 rw-p 00012000 08:08 265990                         /usr/lib64/libtdb.so.1.2.11
39b6400000-39b6409000 r-xp 00000000 08:08 266042                         /usr/lib64/libltdl.so.7.3.0
39b6409000-39b6608000 ---p 00009000 08:08 266042                         /usr/lib64/libltdl.so.7.3.0
39b6608000-39b6609000 r--p 00008000 08:08 266042                         /usr/lib64/libltdl.so.7.3.0
39b6609000-39b660a000 rw-p 00009000 08:08 266042                         /usr/lib64/libltdl.so.7.3.0
3b8a200000-3b8a20f000 r-xp 00000000 08:08 530333                         /usr/lib64/catalyst/libatiuki.so.1.0
3b8a20f000-3b8a30f000 ---p 0000f000 08:08 530333                         /usr/lib64/catalyst/libatiuki.so.1.0
3b8a30f000-3b8a31a000 rw-p 0000f000 08:08 530333                         /usr/lib64/catalyst/libatiuki.so.1.0
3b8a31a000-3b8a31b000 rw-p 00000000 00:00 0 
3be4a00000-3be4a1d000 r-xp 00000000 08:08 262913                         /usr/lib64/libxcb.so.1.1.0
3be4a1d000-3be4c1c000 ---p 0001d000 08:08 262913                         /usr/lib64/libxcb.so.1.1.0
3be4c1c000-3be4c1d000 r--p 0001c000 08:08 262913                         /usr/lib64/libxcb.so.1.1.0
3be4c1d000-3be4c1e000 rw-p 0001d000 08:08 262913                         /usr/lib64/libxcb.so.1.1.0
3be4e00000-3be4f34000 r-xp 00000000 08:08 269009                         /usr/lib64/libX11.so.6.3.0
3be4f34000-3be5134000 ---p 00134000 08:08 269009                         /usr/lib64/libX11.so.6.3.0
3be5134000-3be5135000 r--p 00134000 08:08 269009                         /usr/lib64/libX11.so.6.3.0
3be5135000-3be513a000 rw-p 00135000 08:08 269009                         /usr/lib64/libX11.so.6.3.0
3be5200000-3be5211000 r-xp 00000000 08:08 270757                         /usr/lib64/libXext.so.6.4.0
3be5211000-3be5410000 ---p 00011000 08:08 270757                         /usr/lib64/libXext.so.6.4.0
3be5410000-3be5411000 r--p 00010000 08:08 270757                         /usr/lib64/libXext.so.6.4.0
3be5411000-3be5412000 rw-p 00011000 08:08 270757                         /usr/lib64/libXext.so.6.4.0
3be5600000-3be5609000 r-xp 00000000 08:08 271628                         /usr/lib64/libXrender.so.1.3.0
3be5609000-3be5808000 ---p 00009000 08:08 271628                         /usr/lib64/libXrender.so.1.3.0
3be5808000-3be5809000 r--p 00008000 08:08 271628                         /usr/lib64/libXrender.so.1.3.0
3be5809000-3be580a000 rw-p 00009000 08:08 271628                         /usr/lib64/libXrender.so.1.3.0
3be5a00000-3be5a09000 r-xp 00000000 08:08 271881                         /usr/lib64/libXrandr.so.2.2.0
3be5a09000-3be5c08000 ---p 00009000 08:08 271881                         /usr/lib64/libXrandr.so.2.2.0
3be5c08000-3be5c09000 r--p 00008000 08:08 271881                         /usr/lib64/libXrandr.so.2.2.0
3be5c09000-3be5c0a000 rw-p 00009000 08:08 271881                         /usr/lib64/libXrandr.so.2.2.0
3be5e00000-3be5e02000 r-xp 00000000 08:08 296683                         /usr/lib64/libXinerama.so.1.0.0
3be5e02000-3be6001000 ---p 00002000 08:08 296683                         /usr/lib64/libXinerama.so.1.0.0
3be6001000-3be6002000 r--p 00001000 08:08 296683                         /usr/lib64/libXinerama.so.1.0.0
3be6002000-3be6003000 rw-p 00002000 08:08 296683                         /usr/lib64/libXinerama.so.1.0.0
3be6200000-3be620e000 r-xp 00000000 08:08 270750                         /usr/lib64/libXi.so.6.1.0
3be620e000-3be640e000 ---p 0000e000 08:08 270750                         /usr/lib64/libXi.so.6.1.0
3be640e000-3be640f000 r--p 0000e000 08:08 270750                         /usr/lib64/libXi.so.6.1.0
3be640f000-3be6410000 rw-p 0000f000 08:08 270750                         /usr/lib64/libXi.so.6.1.0
3be6a00000-3be6ac3000 r-xp 00000000 08:08 537201                         /usr/lib64/catalyst/libGL.so.1.2
3be6ac3000-3be6bc2000 ---p 000c3000 08:08 537201                         /usr/lib64/catalyst/libGL.so.1.2
3be6bc2000-3be6bea000 rwxp 000c2000 08:08 537201                         /usr/lib64/catalyst/libGL.so.1.2
3be6bea000-3be6c0c000 rwxp 00000000 00:00 0 
3be6e00000-3be6e01000 r-xp 00000000 08:08 270598                         /usr/lib64/libX11-xcb.so.1.0.0
3be6e01000-3be7000000 ---p 00001000 08:08 270598                         /usr/lib64/libX11-xcb.so.1.0.0
3be7000000-3be7001000 r--p 00000000 08:08 270598                         /usr/lib64/libX11-xcb.so.1.0.0
3be7001000-3be7002000 rw-p 00001000 08:08 270598                         /usr/lib64/libX11-xcb.so.1.0.0
3be7200000-3be7205000 r-xp 00000000 08:08 270755                         /usr/lib64/libXfixes.so.3.1.0
3be7205000-3be7404000 ---p 00005000 08:08 270755                         /usr/lib64/libXfixes.so.3.1.0
3be7404000-3be7405000 r--p 00004000 08:08 270755                         /usr/lib64/libXfixes.so.3.1.0
3be7405000-3be7406000 rw-p 00005000 08:08 270755                         /usr/lib64/libXfixes.so.3.1.0
3be7600000-3be7603000 r-xp 00000000 08:08 270782                         /usr/lib64/libxcb-dri2.so.0.0.0
3be7603000-3be7803000 ---p 00003000 08:08 270782                         /usr/lib64/libxcb-dri2.so.0.0.0
3be7803000-3be7804000 r--p 00003000 08:08 270782                         /usr/lib64/libxcb-dri2.so.0.0.0
3be7804000-3be7805000 rw-p 00004000 08:08 270782                         /usr/lib64/libxcb-dri2.so.0.0.0
3be7a00000-3be7a02000 r-xp 00000000 08:08 271624                         /usr/lib64/libxcb-shape.so.0.0.0
3be7a02000-3be7c02000 ---p 00002000 08:08 271624                         /usr/lib64/libxcb-shape.so.0.0.0
3be7c02000-3be7c03000 r--p 00002000 08:08 271624                         /usr/lib64/libxcb-shape.so.0.0.0
3be7c03000-3be7c04000 rw-p 00003000 08:08 271624                         /usr/lib64/libxcb-shape.so.0.0.0
3be7e00000-3be7e21000 r-xp 00000000 08:08 271627                         /usr/lib64/libglapi.so.0.0.0
3be7e21000-3be8021000 ---p 00021000 08:08 271627                         /usr/lib64/libglapi.so.0.0.0
3be8021000-3be8024000 r--p 00021000 08:08 271627                         /usr/lib64/libglapi.so.0.0.0
3be8024000-3be8025000 rw-p 00024000 08:08 271627                         /usr/lib64/libglapi.so.0.0.0
3be8025000-3be8026000 rw-p 00000000 00:00 0 
3be8200000-3be8202000 r-xp 00000000 08:08 274628                         /usr/lib64/libxcb-shm.so.0.0.0
3be8202000-3be8401000 ---p 00002000 08:08 274628                         /usr/lib64/libxcb-shm.so.0.0.0
3be8401000-3be8402000 r--p 00001000 08:08 274628                         /usr/lib64/libxcb-shm.so.0.0.0
3be8402000-3be8403000 rw-p 00002000 08:08 274628                         /usr/lib64/libxcb-shm.so.0.0.0
3be8600000-3be861f000 r-xp 00000000 08:08 271640                         /usr/lib64/libEGL.so.1.0.0
3be861f000-3be881f000 ---p 0001f000 08:08 271640                         /usr/lib64/libEGL.so.1.0.0
3be881f000-3be8820000 r--p 0001f000 08:08 271640                         /usr/lib64/libEGL.so.1.0.0
3be8820000-3be8821000 rw-p 00020000 08:08 271640                         /usr/lib64/libEGL.so.1.0.0
3be8a00000-3be8a05000 r-xp 00000000 08:08 271633                         /usr/lib64/libgbm.so.1.0.0
3be8a05000-3be8c04000 ---p 00005000 08:08 271633                         /usr/lib64/libgbm.so.1.0.0
3be8c04000-3be8c05000 r--p 00004000 08:08 271633                         /usr/lib64/libgbm.so.1.0.0
3be8c05000-3be8c06000 rw-p 00005000 08:08 271633                         /usr/lib64/libgbm.so.1.0.0
3be8e00000-3be8e05000 r-xp 00000000 08:08 271611                         /usr/lib64/libxcb-xfixes.so.0.0.0
3be8e05000-3be9005000 ---p 00005000 08:08 271611                         /usr/lib64/libxcb-xfixes.so.0.0.0
3be9005000-3be9006000 r--p 00005000 08:08 271611                         /usr/lib64/libxcb-xfixes.so.0.0.0
3be9006000-3be9007000 rw-p 00006000 08:08 271611                         /usr/lib64/libxcb-xfixes.so.0.0.0
3be9200000-3be9208000 r-xp 00000000 08:08 271620                         /usr/lib64/libxcb-render.so.0.0.0
3be9208000-3be9408000 ---p 00008000 08:08 271620                         /usr/lib64/libxcb-render.so.0.0.0
3be9408000-3be9409000 r--p 00008000 08:08 271620                         /usr/lib64/libxcb-render.so.0.0.0
3be9409000-3be940a000 rw-p 00009000 08:08 271620                         /usr/lib64/libxcb-render.so.0.0.0
3be9600000-3be9609000 r-xp 00000000 08:08 270744                         /usr/lib64/libXcursor.so.1.0.2
3be9609000-3be9809000 ---p 00009000 08:08 270744                         /usr/lib64/libXcursor.so.1.0.2
3be9809000-3be980a000 r--p 00009000 08:08 270744                         /usr/lib64/libXcursor.so.1.0.2
3be980a000-3be980b000 rw-p 0000a000 08:08 270744                         /usr/lib64/libXcursor.so.1.0.2
3be9a00000-3be9a02000 r-xp 00000000 08:08 298681                         /usr/lib64/libXdamage.so.1.1.0
3be9a02000-3be9c01000 ---p 00002000 08:08 298681                         /usr/lib64/libXdamage.so.1.1.0
3be9c01000-3be9c02000 r--p 00001000 08:08 298681                         /usr/lib64/libXdamage.so.1.1.0
3be9c02000-3be9c03000 rw-p 00002000 08:08 298681                         /usr/lib64/libXdamage.so.1.1.0
3be9e00000-3be9e02000 r-xp 00000000 08:08 270737                         /usr/lib64/libXcomposite.so.1.0.0
3be9e02000-3bea001000 ---p 00002000 08:08 270737                         /usr/lib64/libXcomposite.so.1.0.0
3bea001000-3bea002000 r--p 00001000 08:08 270737                         /usr/lib64/libXcomposite.so.1.0.0
3bea002000-3bea003000 rw-p 00002000 08:08 270737                         /usr/lib64/libXcomposite.so.1.0.0
3bea600000-3bea713000 r-xp 00000000 08:08 266600                         /usr/lib64/libcairo.so.2.11200.14
3bea713000-3bea912000 ---p 00113000 08:08 266600                         /usr/lib64/libcairo.so.2.11200.14
3bea912000-3bea915000 r--p 00112000 08:08 266600                         /usr/lib64/libcairo.so.2.11200.14
3bea915000-3bea917000 rw-p 00115000 08:08 266600                         /usr/lib64/libcairo.so.2.11200.14
3bea917000-3bea918000 rw-p 00000000 00:00 0 
3bec200000-3bec204000 r-xp 00000000 08:08 304566                         /usr/lib64/libXxf86vm.so.1.0.0
3bec204000-3bec404000 ---p 00004000 08:08 304566                         /usr/lib64/libXxf86vm.so.1.0.0
3bec404000-3bec405000 r--p 00004000 08:08 304566                         /usr/lib64/libXxf86vm.so.1.0.0
3bec405000-3bec406000 rw-p 00005000 08:08 304566                         /usr/lib64/libXxf86vm.so.1.0.0
3bec600000-3bec605000 r-xp 00000000 08:08 273045                         /usr/lib64/libXtst.so.6.1.0
3bec605000-3bec804000 ---p 00005000 08:08 273045                         /usr/lib64/libXtst.so.6.1.0
3bec804000-3bec805000 r--p 00004000 08:08 273045                         /usr/lib64/libXtst.so.6.1.0
3bec805000-3bec806000 rw-p 00005000 08:08 273045                         /usr/lib64/libXtst.so.6.1.0
3c6b000000-3c6b00a000 r-xp 00000000 08:08 267750                         /usr/lib64/libdrm.so.2.4.0
3c6b00a000-3c6b20a000 ---p 0000a000 08:08 267750                         /usr/lib64/libdrm.so.2.4.0
3c6b20a000-3c6b20b000 r--p 0000a000 08:08 267750                         /usr/lib64/libdrm.so.2.4.0
3c6b20b000-3c6b20c000 rw-p 0000b000 08:08 267750                         /usr/lib64/libdrm.so.2.4.0
3f11c00000-3f11c5c000 r-xp 00000000 08:08 268538                         /usr/lib64/libpcre.so.1.0.1
3f11c5c000-3f11e5c000 ---p 0005c000 08:08 268538                         /usr/lib64/libpcre.so.1.0.1
3f11e5c000-3f11e5d000 r--p 0005c000 08:08 268538                         /usr/lib64/libpcre.so.1.0.1
3f11e5d000-3f11e5e000 rw-p 0005d000 08:08 268538                         /usr/lib64/libpcre.so.1.0.1
3f12000000-3f1201f000 r-xp 00000000 08:08 306283                         /usr/lib64/libselinux.so.1
3f1201f000-3f1221e000 ---p 0001f000 08:08 306283                         /usr/lib64/libselinux.so.1
3f1221e000-3f1221f000 r--p 0001e000 08:08 306283                         /usr/lib64/libselinux.so.1
3f1221f000-3f12220000 rw-p 0001f000 08:08 306283                         /usr/lib64/libselinux.so.1
3f12220000-3f12222000 rw-p 00000000 00:00 0 
3f12400000-3f1254c000 r-xp 00000000 08:08 322852                         /usr/lib64/libgio-2.0.so.0.3400.2
3f1254c000-3f1274b000 ---p 0014c000 08:08 322852                         /usr/lib64/libgio-2.0.so.0.3400.2
3f1274b000-3f1274f000 r--p 0014b000 08:08 322852                         /usr/lib64/libgio-2.0.so.0.3400.2
3f1274f000-3f12751000 rw-p 0014f000 08:08 322852                         /usr/lib64/libgio-2.0.so.0.3400.2
3f12751000-3f12753000 rw-p 00000000 00:00 0 
3f13800000-3f13821000 r-xp 00000000 08:08 322853                         /usr/lib64/libgdk_pixbuf-2.0.so.0.2600.5
3f13821000-3f13a20000 ---p 00021000 08:08 322853                         /usr/lib64/libgdk_pixbuf-2.0.so.0.2600.5
3f13a20000-3f13a21000 r--p 00020000 08:08 322853                         /usr/lib64/libgdk_pixbuf-2.0.so.0.2600.5
3f13a21000-3f13a22000 rw-p 00021000 08:08 322853                         /usr/lib64/libgdk_pixbuf-2.0.so.0.2600.5
7f1ce0000000-7f1ce0021000 rw-p 00000000 00:00 0 
7f1ce0021000-7f1ce4000000 ---p 00000000 00:00 0 
7f1ce4000000-7f1ce4021000 rw-p 00000000 00:00 0 
7f1ce4021000-7f1ce8000000 ---p 00000000 00:00 0 
7f1ce8000000-7f1ce8021000 rw-p 00000000 00:00 0 
7f1ce8021000-7f1cec000000 ---p 00000000 00:00 0 
7f1cef6d8000-7f1cef812000 rw-p 00000000 00:00 0 
7f1cef812000-7f1cef815000 ---p 00000000 00:00 0 
7f1cef815000-7f1cef913000 rw-p 00000000 00:00 0                          [stack:24943]
7f1cef913000-7f1cef916000 ---p 00000000 00:00 0 
7f1cef916000-7f1cefa14000 rw-p 00000000 00:00 0                          [stack:24913]
7f1cefa14000-7f1cefa17000 ---p 00000000 00:00 0 
7f1cefa17000-7f1cefb15000 rw-p 00000000 00:00 0                          [stack:24876]
7f1cefb15000-7f1cefb7d000 r-xp 00000000 08:08 542739                     /usr/java/jdk1.7.0_21/jre/lib/amd64/libt2k.so
7f1cefb7d000-7f1cefd7c000 ---p 00068000 08:08 542739                     /usr/java/jdk1.7.0_21/jre/lib/amd64/libt2k.so
7f1cefd7c000-7f1cefd83000 rw-p 00067000 08:08 542739                     /usr/java/jdk1.7.0_21/jre/lib/amd64/libt2k.so
7f1cefd83000-7f1cefd93000 rw-p 00000000 00:00 0 
7f1cefddd000-7f1cefde7000 r--s 00000000 08:08 398819                     /usr/share/X11/fonts/Type1/c0583bt_.pfb
7f1cefde7000-7f1cefdf1000 r--s 00000000 08:08 398823                     /usr/share/X11/fonts/Type1/c0611bt_.pfb
7f1cefdf1000-7f1cefdfa000 r--s 00000000 08:08 398833                     /usr/share/X11/fonts/Type1/c0649bt_.pfb
7f1cefdfa000-7f1cefe0d000 r--s 00000000 08:08 398805                     /usr/share/X11/fonts/Type1/UTI_____.pfa
7f1cefe0d000-7f1cefe1b000 r--s 00000000 08:08 398835                     /usr/share/X11/fonts/Type1/cursor.pfa
7f1cefe1b000-7f1cefe2d000 r--s 00000000 08:08 398801                     /usr/share/X11/fonts/Type1/UTB_____.pfa
7f1cefe2d000-7f1cefe36000 r--s 00000000 08:08 398831                     /usr/share/X11/fonts/Type1/c0648bt_.pfb
7f1cefe36000-7f1cefe3f000 r--s 00000000 08:08 398829                     /usr/share/X11/fonts/Type1/c0633bt_.pfb
7f1cefe3f000-7f1cefe52000 r--s 00000000 08:08 398797                     /usr/share/X11/fonts/Type1/UTBI____.pfa
7f1cefe52000-7f1cefe5c000 r--s 00000000 08:08 398815                     /usr/share/X11/fonts/Type1/c0582bt_.pfb
7f1cefe5c000-7f1cefe65000 r--s 00000000 08:08 398826                     /usr/share/X11/fonts/Type1/c0632bt_.pfb
7f1cefe65000-7f1cefe6f000 r--s 00000000 08:08 398813                     /usr/share/X11/fonts/Type1/c0419bt_.pfb
7f1cefe6f000-7f1cefe81000 r--s 00000000 08:08 398809                     /usr/share/X11/fonts/Type1/UTRG____.pfa
7f1cefe81000-7f1cefe99000 r--s 00000000 08:08 11247                      /usr/share/fonts/default/Type1/c059033l.pfb
7f1cefe99000-7f1cefeb4000 r--s 00000000 08:08 11291                      /usr/share/fonts/default/Type1/p052023l.pfb
7f1cefeb4000-7f1cefec4000 r--s 00000000 08:08 11231                      /usr/share/fonts/default/Type1/a010033l.pfb
7f1cefec4000-7f1cefed6000 r--s 00000000 08:08 11265                      /usr/share/fonts/default/Type1/n019044l.pfb
7f1cefed6000-7f1cefee2000 r--s 00000000 08:08 11251                      /usr/share/fonts/default/Type1/d050000l.pfb
7f1cefee2000-7f1cefefd000 r--s 00000000 08:08 11245                      /usr/share/fonts/default/Type1/c059016l.pfb
7f1cefefd000-7f1ceff0d000 r--s 00000000 08:08 11227                      /usr/share/fonts/default/Type1/a010013l.pfb
7f1ceff0d000-7f1ceff28000 r--s 00000000 08:08 11287                      /usr/share/fonts/default/Type1/p052003l.pfb
7f1ceff28000-7f1ceff3a000 r--s 00000000 08:08 11241                      /usr/share/fonts/default/Type1/b018035l.pfb
7f1ceff3a000-7f1ceff4f000 r--s 00000000 08:08 11239                      /usr/share/fonts/default/Type1/b018032l.pfb
7f1ceff4f000-7f1ceff68000 r--s 00000000 08:08 11235                      /usr/share/fonts/default/Type1/b018012l.pfb
7f1ceff68000-7f1ceff79000 r--s 00000000 08:08 11233                      /usr/share/fonts/default/Type1/a010035l.pfb
7f1ceff79000-7f1ceff8a000 r--s 00000000 08:08 11267                      /usr/share/fonts/default/Type1/n019063l.pfb
7f1ceff8a000-7f1ceff93000 r--s 00000000 08:08 11296                      /usr/share/fonts/default/Type1/s050000l.pfb
7f1ceff93000-7f1ceffae000 r--s 00000000 08:08 11289                      /usr/share/fonts/default/Type1/p052004l.pfb
7f1ceffae000-7f1ceffbe000 r--s 00000000 08:08 11229                      /usr/share/fonts/default/Type1/a010015l.pfb
7f1ceffbe000-7f1ceffd6000 r--s 00000000 08:08 11249                      /usr/share/fonts/default/Type1/c059036l.pfb
7f1ceffd6000-7f1ceffed000 r--s 00000000 08:08 11298                      /usr/share/fonts/default/Type1/z003034l.pfb
7f1ceffed000-7f1cf0000000 r--s 00000000 08:08 11237                      /usr/share/fonts/default/Type1/b018015l.pfb
7f1cf0000000-7f1cf0021000 rw-p 00000000 00:00 0 
7f1cf0021000-7f1cf4000000 ---p 00000000 00:00 0 
7f1cf4000000-7f1cf4021000 rw-p 00000000 00:00 0 
7f1cf4021000-7f1cf8000000 ---p 00000000 00:00 0 
7f1cf8000000-7f1cf8021000 rw-p 00000000 00:00 0 
7f1cf8021000-7f1cfc000000 ---p 00000000 00:00 0 
7f1cfc000000-7f1cfc3f2000 rw-p 00000000 00:00 0 
7f1cfc3f2000-7f1d00000000 ---p 00000000 00:00 0 
7f1d00000000-7f1d00571000 rw-p 00000000 00:00 0 
7f1d00571000-7f1d04000000 ---p 00000000 00:00 0 
7f1d04000000-7f1d04021000 rw-p 00000000 00:00 0 
7f1d04021000-7f1d08000000 ---p 00000000 00:00 0 
7f1d08000000-7f1d08021000 rw-p 00000000 00:00 0 
7f1d08021000-7f1d0c000000 ---p 00000000 00:00 0 
7f1d0c000000-7f1d0c141000 rw-p 00000000 00:00 0 
7f1d0c141000-7f1d10000000 ---p 00000000 00:00 0 
7f1d10000000-7f1d10021000 rw-p 00000000 00:00 0 
7f1d10021000-7f1d14000000 ---p 00000000 00:00 0 
7f1d14000000-7f1d14021000 rw-p 00000000 00:00 0 
7f1d14021000-7f1d18000000 ---p 00000000 00:00 0 
7f1d18000000-7f1d1884b000 rw-p 00000000 00:00 0 
7f1d1884b000-7f1d1c000000 ---p 00000000 00:00 0 
7f1d1c000000-7f1d1c73d000 rw-p 00000000 00:00 0 
7f1d1c73d000-7f1d20000000 ---p 00000000 00:00 0 
7f1d20000000-7f1d20021000 rw-p 00000000 00:00 0 
7f1d20021000-7f1d24000000 ---p 00000000 00:00 0 
7f1d24008000-7f1d24022000 r--s 00000000 08:08 11243                      /usr/share/fonts/default/Type1/c059013l.pfb
7f1d24022000-7f1d24035000 r--s 00000000 08:08 11269                      /usr/share/fonts/default/Type1/n019064l.pfb
7f1d24035000-7f1d24051000 r--s 00000000 08:08 11293                      /usr/share/fonts/default/Type1/p052024l.pfb
7f1d24051000-7f1d24063000 r--s 00000000 08:08 11263                      /usr/share/fonts/default/Type1/n019043l.pfb
7f1d24063000-7f1d2407c000 r--s 00000000 08:08 11271                      /usr/share/fonts/default/Type1/n021003l.pfb
7f1d2407c000-7f1d24092000 r--s 00000000 08:08 11285                      /usr/share/fonts/default/Type1/n022024l.pfb
7f1d24092000-7f1d240a9000 r--s 00000000 08:08 11275                      /usr/share/fonts/default/Type1/n021023l.pfb
7f1d240a9000-7f1d240b9000 r-xp 00000000 08:08 542730                     /usr/java/jdk1.7.0_21/jre/lib/amd64/libnio.so
7f1d240b9000-7f1d242b9000 ---p 00010000 08:08 542730                     /usr/java/jdk1.7.0_21/jre/lib/amd64/libnio.so
7f1d242b9000-7f1d242ba000 rw-p 00010000 08:08 542730                     /usr/java/jdk1.7.0_21/jre/lib/amd64/libnio.so
7f1d242ba000-7f1d242cf000 r-xp 00000000 08:08 542729                     /usr/java/jdk1.7.0_21/jre/lib/amd64/libnet.so
7f1d242cf000-7f1d244cf000 ---p 00015000 08:08 542729                     /usr/java/jdk1.7.0_21/jre/lib/amd64/libnet.so
7f1d244cf000-7f1d244d0000 rw-p 00015000 08:08 542729                     /usr/java/jdk1.7.0_21/jre/lib/amd64/libnet.so
7f1d244d0000-7f1d2452f000 r-xp 00000000 08:08 542701                     /usr/java/jdk1.7.0_21/jre/lib/amd64/libfontmanager.so
7f1d2452f000-7f1d2472f000 ---p 0005f000 08:08 542701                     /usr/java/jdk1.7.0_21/jre/lib/amd64/libfontmanager.so
7f1d2472f000-7f1d24733000 rw-p 0005f000 08:08 542701                     /usr/java/jdk1.7.0_21/jre/lib/amd64/libfontmanager.so
7f1d24733000-7f1d24744000 rw-p 00000000 00:00 0 
7f1d24744000-7f1d2476e000 r-xp 00000000 08:08 542698                     /usr/java/jdk1.7.0_21/jre/lib/amd64/libdcpr.so
7f1d2476e000-7f1d2496e000 ---p 0002a000 08:08 542698                     /usr/java/jdk1.7.0_21/jre/lib/amd64/libdcpr.so
7f1d2496e000-7f1d24971000 rw-p 0002a000 08:08 542698                     /usr/java/jdk1.7.0_21/jre/lib/amd64/libdcpr.so
7f1d24971000-7f1d24974000 ---p 00000000 00:00 0 
7f1d24974000-7f1d24a72000 rw-p 00000000 00:00 0                          [stack:24584]
7f1d24a72000-7f1d24ac2000 r-xp 00000000 08:08 542748                     /usr/java/jdk1.7.0_21/jre/lib/amd64/xawt/libmawt.so
7f1d24ac2000-7f1d24cc2000 ---p 00050000 08:08 542748                     /usr/java/jdk1.7.0_21/jre/lib/amd64/xawt/libmawt.so
7f1d24cc2000-7f1d24cc6000 rw-p 00050000 08:08 542748                     /usr/java/jdk1.7.0_21/jre/lib/amd64/xawt/libmawt.so
7f1d24cc6000-7f1d24cc7000 rw-p 00000000 00:00 0 
7f1d24cc7000-7f1d24d69000 r-xp 00000000 08:08 542697                     /usr/java/jdk1.7.0_21/jre/lib/amd64/libawt.so
7f1d24d69000-7f1d24f69000 ---p 000a2000 08:08 542697                     /usr/java/jdk1.7.0_21/jre/lib/amd64/libawt.so
7f1d24f69000-7f1d24f75000 rw-p 000a2000 08:08 542697                     /usr/java/jdk1.7.0_21/jre/lib/amd64/libawt.so
7f1d24f75000-7f1d24f99000 rw-p 00000000 00:00 0 
7f1d24f99000-7f1d24f9c000 ---p 00000000 00:00 0 
7f1d24f9c000-7f1d2509a000 rw-p 00000000 00:00 0                          [stack:24560]
7f1d2509a000-7f1d250f1000 r-xp 00000000 08:08 542713                     /usr/java/jdk1.7.0_21/jre/lib/amd64/libjavafx-font.so
7f1d250f1000-7f1d252f1000 ---p 00057000 08:08 542713                     /usr/java/jdk1.7.0_21/jre/lib/amd64/libjavafx-font.so
7f1d252f1000-7f1d252f6000 r--p 00057000 08:08 542713                     /usr/java/jdk1.7.0_21/jre/lib/amd64/libjavafx-font.so
7f1d252f6000-7f1d252f7000 rw-p 0005c000 08:08 542713                     /usr/java/jdk1.7.0_21/jre/lib/amd64/libjavafx-font.so
7f1d252f7000-7f1d252f8000 rw-p 00000000 00:00 0 
7f1d252f8000-7f1d252fb000 ---p 00000000 00:00 0 
7f1d252fb000-7f1d253f9000 rw-p 00000000 00:00 0                          [stack:24547]
7f1d253f9000-7f1d253fe000 r-xp 00000000 08:08 4693                       /usr/lib64/gtk-2.0/modules/libcanberra-gtk-module.so
7f1d253fe000-7f1d255fd000 ---p 00005000 08:08 4693                       /usr/lib64/gtk-2.0/modules/libcanberra-gtk-module.so
7f1d255fd000-7f1d255fe000 r--p 00004000 08:08 4693                       /usr/lib64/gtk-2.0/modules/libcanberra-gtk-module.so
7f1d255fe000-7f1d255ff000 rw-p 00005000 08:08 4693                       /usr/lib64/gtk-2.0/modules/libcanberra-gtk-module.so
7f1d255ff000-7f1d25600000 r-xp 00000000 08:08 4688                       /usr/lib64/gtk-2.0/modules/libpk-gtk-module.so
7f1d25600000-7f1d257ff000 ---p 00001000 08:08 4688                       /usr/lib64/gtk-2.0/modules/libpk-gtk-module.so
7f1d257ff000-7f1d25800000 r--p 00000000 08:08 4688                       /usr/lib64/gtk-2.0/modules/libpk-gtk-module.so
7f1d25800000-7f1d25801000 rw-p 00001000 08:08 4688                       /usr/lib64/gtk-2.0/modules/libpk-gtk-module.so
7f1d25801000-7f1d25804000 r-xp 00000000 08:08 35226                      /usr/lib64/gtk-2.0/2.10.0/engines/libadwaita.so
7f1d25804000-7f1d25a03000 ---p 00003000 08:08 35226                      /usr/lib64/gtk-2.0/2.10.0/engines/libadwaita.so
7f1d25a03000-7f1d25a04000 r--p 00002000 08:08 35226                      /usr/lib64/gtk-2.0/2.10.0/engines/libadwaita.so
7f1d25a04000-7f1d25a05000 rw-p 00003000 08:08 35226                      /usr/lib64/gtk-2.0/2.10.0/engines/libadwaita.so
7f1d25a05000-7f1d25a0e000 r-xp 00000000 08:08 3885                       /usr/lib64/gtk-2.0/2.10.0/engines/libpixmap.so
7f1d25a0e000-7f1d25c0e000 ---p 00009000 08:08 3885                       /usr/lib64/gtk-2.0/2.10.0/engines/libpixmap.so
7f1d25c0e000-7f1d25c0f000 r--p 00009000 08:08 3885                       /usr/lib64/gtk-2.0/2.10.0/engines/libpixmap.so
7f1d25c0f000-7f1d25c10000 rw-p 0000a000 08:08 3885                       /usr/lib64/gtk-2.0/2.10.0/engines/libpixmap.so
7f1d25c10000-7f1d2c000000 r--p 00000000 08:08 327019                     /usr/lib/locale/locale-archive
7f1d2c000000-7f1d2c021000 rw-p 00000000 00:00 0 
7f1d2c021000-7f1d30000000 ---p 00000000 00:00 0 
7f1d30000000-7f1d30021000 rw-p 00000000 00:00 0 
7f1d30021000-7f1d34000000 ---p 00000000 00:00 0 
7f1d34000000-7f1d34021000 rw-p 00000000 00:00 0 
7f1d34021000-7f1d38000000 ---p 00000000 00:00 0 
7f1d38000000-7f1d38021000 rw-p 00000000 00:00 0 
7f1d38021000-7f1d3c000000 ---p 00000000 00:00 0 
7f1d3c000000-7f1d3c021000 rw-p 00000000 00:00 0 
7f1d3c021000-7f1d40000000 ---p 00000000 00:00 0 
7f1d40002000-7f1d40004000 rw-p 00000000 00:00 0 
7f1d40004000-7f1d40016000 r--s 00000000 08:08 11257                      /usr/share/fonts/default/Type1/n019004l.pfb
7f1d40016000-7f1d4002e000 r--s 00000000 08:08 11279                      /usr/share/fonts/default/Type1/n022003l.pfb
7f1d4002e000-7f1d40047000 r--s 00000000 08:08 11273                      /usr/share/fonts/default/Type1/n021004l.pfb
7f1d40047000-7f1d4005d000 r--s 00000000 08:08 11283                      /usr/share/fonts/default/Type1/n022023l.pfb
7f1d4005d000-7f1d40071000 r--s 00000000 08:08 11255                      /usr/share/fonts/default/Type1/n019003l.pfb
7f1d40071000-7f1d40087000 r--s 00000000 08:08 11277                      /usr/share/fonts/default/Type1/n021024l.pfb
7f1d40087000-7f1d400a0000 r--s 00000000 08:08 11281                      /usr/share/fonts/default/Type1/n022004l.pfb
7f1d400a0000-7f1d400b1000 r--s 00000000 08:08 11259                      /usr/share/fonts/default/Type1/n019023l.pfb
7f1d400b1000-7f1d400c2000 r--s 00000000 08:08 11261                      /usr/share/fonts/default/Type1/n019024l.pfb
7f1d400c2000-7f1d400c6000 r--s 0008a000 08:08 542983                     /usr/java/jdk1.7.0_21/jre/lib/jsse.jar
7f1d400c6000-7f1d400c9000 r--s 000f7000 08:08 543482                     /usr/java/jdk1.7.0_21/jre/lib/ext/localedata.jar
7f1d400c9000-7f1d400ca000 r--p 00000000 00:00 0 
7f1d400ca000-7f1d400cb000 r--s 00000000 08:08 35712                      /var/cache/fontconfig/87f5e051180a7a75f16eb6fe7dbd3749-le64.cache-3
7f1d400cb000-7f1d400d4000 r--s 00000000 08:08 35143                      /var/cache/fontconfig/b79f3aaa7d385a141ab53ec885cc22a8-le64.cache-3
7f1d400d4000-7f1d400d7000 r--s 00000000 08:08 35748                      /var/cache/fontconfig/0b1bcc92b4d25cc154d77dafe3bceaa0-le64.cache-3
7f1d400d7000-7f1d400db000 r--s 00000000 08:08 32401                      /var/cache/fontconfig/68fe5182b80ae2709eaaf65e42dcaf33-le64.cache-3
7f1d400db000-7f1d400de000 ---p 00000000 00:00 0 
7f1d400de000-7f1d401dc000 rw-p 00000000 00:00 0                          [stack:24546]
7f1d401dc000-7f1d40201000 r-xp 00000000 08:08 542702                     /usr/java/jdk1.7.0_21/jre/lib/amd64/libglass.so
7f1d40201000-7f1d40401000 ---p 00025000 08:08 542702                     /usr/java/jdk1.7.0_21/jre/lib/amd64/libglass.so
7f1d40401000-7f1d40402000 r--p 00025000 08:08 542702                     /usr/java/jdk1.7.0_21/jre/lib/amd64/libglass.so
7f1d40402000-7f1d40403000 rw-p 00026000 08:08 542702                     /usr/java/jdk1.7.0_21/jre/lib/amd64/libglass.so
7f1d40403000-7f1d40406000 ---p 00000000 00:00 0 
7f1d40406000-7f1d4054f000 rw-p 00000000 00:00 0                          [stack:24545]
7f1d4054f000-7f1d40550000 r--s 00000000 08:08 33739                      /var/cache/fontconfig/9d38fe9bf4b6f1c8e9da19f592cf1d52-le64.cache-3
7f1d40550000-7f1d40551000 r--s 00000000 08:08 32394                      /var/cache/fontconfig/ac1b9faef01ec4feb36ba76b98842887-le64.cache-3
7f1d40551000-7f1d40554000 r--s 00000000 08:08 30848                      /var/cache/fontconfig/ebb99784de50d4c4223a6523ac9c5d63-le64.cache-3
7f1d40554000-7f1d4055f000 r--s 00000000 08:08 11072                      /var/cache/fontconfig/8034b44ea17662c765f963e9b699c5b6-le64.cache-3
7f1d4055f000-7f1d40560000 r--s 00000000 08:08 10928                      /var/cache/fontconfig/ad3af325ad4e0a82eb2b3e930ff23cd5-le64.cache-3
7f1d40560000-7f1d40562000 r--s 00000000 08:08 5156                       /var/cache/fontconfig/0c76f5ee3a101157014da521290d0599-le64.cache-3
7f1d40562000-7f1d4056a000 r--s 00000000 08:08 35741                      /var/cache/fontconfig/b249521c4e5422ed9b50cd8e856d652c-le64.cache-3
7f1d4056a000-7f1d40588000 r--s 00000000 08:08 35740                      /var/cache/fontconfig/0c8c704313a61b8a850327d2059470f7-le64.cache-3
7f1d40588000-7f1d4058b000 r--s 00000000 08:08 35739                      /var/cache/fontconfig/2e1514a9fdd499050989183bb65136db-le64.cache-3
7f1d4058b000-7f1d4058d000 r--s 00000000 08:08 35738                      /var/cache/fontconfig/3f821257dd33660ba7bbb45c32deb84c-le64.cache-3
7f1d4058d000-7f1d4058f000 r--s 00000000 08:08 35737                      /var/cache/fontconfig/830f035fa84a65ce80e050178dbb630d-le64.cache-3
7f1d4058f000-7f1d40c8f000 rw-s 00006000 00:05 20391                      /dev/ati/card0
7f1d40c8f000-7f1d40c90000 r--s 00000000 08:08 9285                       /var/cache/fontconfig/6496a7c60b00f7e93aa78a0363554170-le64.cache-3
7f1d40c90000-7f1d40c91000 r--s 00000000 08:08 35736                      /var/cache/fontconfig/81a173283b451552b599cfaafd6236bd-le64.cache-3
7f1d40c91000-7f1d40c92000 r--s 00000000 08:08 35735                      /var/cache/fontconfig/ac68f755438cc3dc5a526084839fc7ca-le64.cache-3
7f1d40c92000-7f1d40c93000 r--s 00000000 08:08 35734                      /var/cache/fontconfig/f951a6bc01c50d58ac4af16a0108457e-le64.cache-3
7f1d40c93000-7f1d40c94000 r--s 00000000 08:08 35733                      /var/cache/fontconfig/12513961c6e7090f8648812f9eaf65d6-le64.cache-3
7f1d40c94000-7f1d40ca1000 r--s 00000000 08:08 35732                      /var/cache/fontconfig/b737f3a605dfb419f47782d27cf0eec7-le64.cache-3
7f1d40ca1000-7f1d40ca3000 r--s 00000000 08:08 35731                      /var/cache/fontconfig/e26bf336397aae6fcef4d3803472adec-le64.cache-3
7f1d40ca3000-7f1d40ca4000 r--s 00000000 08:08 35730                      /var/cache/fontconfig/17e60ccdf2eb53b214a9a5d6663eb217-le64.cache-3
7f1d40ca4000-7f1d40ca5000 r--s 00000000 08:08 10940                      /var/cache/fontconfig/6fcb01a03a016cc71057b587cdea6709-le64.cache-3
7f1d40ca5000-7f1d40ca8000 r--s 00000000 08:08 35728                      /var/cache/fontconfig/e0636055caa850f70f1a6db008fc4729-le64.cache-3
7f1d40ca8000-7f1d40ca9000 r--s 00000000 08:08 35727                      /var/cache/fontconfig/b887eea8f1b96e1d899b44ed6681fc27-le64.cache-3
7f1d40ca9000-7f1d40caa000 r--s 00000000 08:08 35726                      /var/cache/fontconfig/860639f272b8b4b3094f9e399e41bccd-le64.cache-3
7f1d40caa000-7f1d40cab000 r--s 00000000 08:08 35725                      /var/cache/fontconfig/211368abcb0ff835c229ff05c9ec01dc-le64.cache-3
7f1d40cab000-7f1d40cac000 r--s 00000000 08:08 40561                      /var/cache/fontconfig/c46020d7221988a13df853d2b46304fc-le64.cache-3
7f1d40cac000-7f1d40cad000 r--s 00000000 08:08 35723                      /var/cache/fontconfig/df893b4576ad6107f9397134092c4059-le64.cache-3
7f1d40cad000-7f1d40cae000 r--s 00000000 08:08 35722                      /var/cache/fontconfig/900402270e15d763a6e008bb2d4c7686-le64.cache-3
7f1d40cae000-7f1d40caf000 r--s 00000000 08:08 36382                      /var/cache/fontconfig/47f48679023f44a4d1e44699a69464f6-le64.cache-3
7f1d40caf000-7f1d40cb0000 r--s 00000000 08:08 35720                      /var/cache/fontconfig/2881ed3fd21ca306ddad6f9b0dd3189f-le64.cache-3
7f1d40cb0000-7f1d40cb1000 r--s 00000000 08:08 35719                      /var/cache/fontconfig/3c3fb04d32a5211b073874b125d29701-le64.cache-3
7f1d40cb1000-7f1d40cb6000 r--s 00000000 08:08 35717                      /var/cache/fontconfig/b67b32625a2bb51b023d3814a918f351-le64.cache-3
7f1d40cb6000-7f1d40cc7000 r--s 00000000 08:08 35714                      /var/cache/fontconfig/614d1caaa4d7914789410f6367de37ca-le64.cache-3
7f1d40cc7000-7f1d40cd0000 r--s 00000000 08:08 35713                      /var/cache/fontconfig/12b26b760a24f8b4feb03ad48a333a72-le64.cache-3
7f1d40cd0000-7f1d40f50000 rw-p 00000000 00:00 0 
7f1d40f50000-7f1d40fa2000 r-xp 00000000 08:08 541130                     /usr/lib64/catalyst/libatiadlxx.so
7f1d40fa2000-7f1d410a1000 ---p 00052000 08:08 541130                     /usr/lib64/catalyst/libatiadlxx.so
7f1d410a1000-7f1d410ad000 rw-p 00051000 08:08 541130                     /usr/lib64/catalyst/libatiadlxx.so
7f1d410ad000-7f1d410be000 rw-p 00000000 00:00 0 
7f1d410be000-7f1d410bf000 r--s 00000000 08:08 35718                      /var/cache/fontconfig/e61abf8156cc476151baa07d67337cae-le64.cache-3
7f1d410bf000-7f1d410df000 rw-s 00004000 00:05 20391                      /dev/ati/card0
7f1d410df000-7f1d42e74000 r-xp 00000000 08:08 344817                     /usr/lib64/dri/fglrx_dri.so
7f1d42e74000-7f1d42f73000 ---p 01d95000 08:08 344817                     /usr/lib64/dri/fglrx_dri.so
7f1d42f73000-7f1d430e6000 rwxp 01d94000 08:08 344817                     /usr/lib64/dri/fglrx_dri.so
7f1d430e6000-7f1d4320b000 rwxp 00000000 00:00 0 
7f1d4320b000-7f1d43214000 r-xp 00000000 08:08 542733                     /usr/java/jdk1.7.0_21/jre/lib/amd64/libprism-es2.so
7f1d43214000-7f1d43413000 ---p 00009000 08:08 542733                     /usr/java/jdk1.7.0_21/jre/lib/amd64/libprism-es2.so
7f1d43413000-7f1d43414000 r--p 00008000 08:08 542733                     /usr/java/jdk1.7.0_21/jre/lib/amd64/libprism-es2.so
7f1d43414000-7f1d43415000 rw-p 00009000 08:08 542733                     /usr/java/jdk1.7.0_21/jre/lib/amd64/libprism-es2.so
7f1d43415000-7f1d43418000 ---p 00000000 00:00 0 
7f1d43418000-7f1d43516000 rw-p 00000000 00:00 0                          [stack:24531]
7f1d43516000-7f1d43519000 ---p 00000000 00:00 0 
7f1d43519000-7f1d43617000 rw-p 00000000 00:00 0                          [stack:24524]
7f1d43617000-7f1d43635000 r-xp 00000000 08:08 542699                     /usr/java/jdk1.7.0_21/jre/lib/amd64/libdeploy.so
7f1d43635000-7f1d43834000 ---p 0001e000 08:08 542699                     /usr/java/jdk1.7.0_21/jre/lib/amd64/libdeploy.so
7f1d43834000-7f1d43836000 rw-p 0001d000 08:08 542699                     /usr/java/jdk1.7.0_21/jre/lib/amd64/libdeploy.so
7f1d43836000-7f1d43846000 rw-p 00000000 00:00 0 
7f1d43846000-7f1d43849000 ---p 00000000 00:00 0 
7f1d43849000-7f1d4396c000 rw-p 00000000 00:00 0                          [stack:24523]
7f1d4396c000-7f1d439fa000 r--s 00651000 08:08 542918                     /usr/java/jdk1.7.0_21/jre/lib/jfxrt.jar
7f1d439fa000-7f1d439fb000 ---p 00000000 00:00 0 
7f1d439fb000-7f1d43afb000 rw-p 00000000 00:00 0                          [stack:24521]
7f1d43afb000-7f1d43afe000 ---p 00000000 00:00 0 
7f1d43afe000-7f1d43bfc000 rw-p 00000000 00:00 0                          [stack:24520]
7f1d43bfc000-7f1d43bff000 ---p 00000000 00:00 0 
7f1d43bff000-7f1d43cfd000 rw-p 00000000 00:00 0                          [stack:24519]
7f1d43cfd000-7f1d43d00000 ---p 00000000 00:00 0 
7f1d43d00000-7f1d43dfe000 rw-p 00000000 00:00 0                          [stack:24518]
7f1d43dfe000-7f1d43e01000 ---p 00000000 00:00 0 
7f1d43e01000-7f1d43eff000 rw-p 00000000 00:00 0                          [stack:24517]
7f1d43eff000-7f1d43f02000 ---p 00000000 00:00 0 
7f1d43f02000-7f1d44000000 rw-p 00000000 00:00 0                          [stack:24513]
7f1d44000000-7f1d44021000 rw-p 00000000 00:00 0 
7f1d44021000-7f1d48000000 ---p 00000000 00:00 0 
7f1d48000000-7f1d48007000 r--s 00000000 08:08 35710                      /var/cache/fontconfig/928306c3ad40271d946e41014a49fc28-le64.cache-3
7f1d48007000-7f1d4800c000 r--s 00000000 08:09 430464                     /home/mjafar/.cache/fontconfig/00850c47ae3a67645ec5d28f29bb43df-le64.cache-3
7f1d4800c000-7f1d48018000 r--s 000b0000 08:08 542982                     /usr/java/jdk1.7.0_21/jre/lib/resources.jar
7f1d48018000-7f1d4801f000 r--s 00000000 08:08 36772                      /usr/lib64/gconv/gconv-modules.cache
7f1d4801f000-7f1d48022000 ---p 00000000 00:00 0 
7f1d48022000-7f1d48120000 rw-p 00000000 00:00 0                          [stack:24512]
7f1d48120000-7f1d48121000 ---p 00000000 00:00 0 
7f1d48121000-7f1d4c000000 rw-p 00000000 00:00 0                          [stack:24511]
7f1d4c000000-7f1d4c021000 rw-p 00000000 00:00 0 
7f1d4c021000-7f1d50000000 ---p 00000000 00:00 0 
7f1d50000000-7f1d50002000 r--s 00000000 08:08 35716                      /var/cache/fontconfig/d3379abda271c4acd2ad0c01f565d0b0-le64.cache-3
7f1d50002000-7f1d50003000 r--s 00000000 08:08 35715                      /var/cache/fontconfig/b4d0b56f766d89640448751fcd18ec1e-le64.cache-3
7f1d50003000-7f1d50006000 r--s 00000000 08:08 36320                      /var/cache/fontconfig/beeeeb3dfe132a8a0633a017c99ce0c0-le64.cache-3
7f1d50006000-7f1d5001d000 r--s 001c0000 08:08 542762                     /usr/java/jdk1.7.0_21/jre/lib/deploy.jar
7f1d5001d000-7f1d5021f000 rw-p 00000000 00:00 0 
7f1d5021f000-7f1d503dc000 r--s 039de000 08:08 544084                     /usr/java/jdk1.7.0_21/jre/lib/rt.jar
7f1d503dc000-7f1d51000000 rw-p 00000000 00:00 0 
7f1d51000000-7f1d51270000 rwxp 00000000 00:00 0 
7f1d51270000-7f1d541b5000 rw-p 00000000 00:00 0 
7f1d541b5000-7f1d58000000 ---p 00000000 00:00 0 
7f1d58000000-7f1d58001000 r--s 00000000 08:08 35709                      /var/cache/fontconfig/3640555adad8a8f6978400293cfce7ab-le64.cache-3
7f1d58001000-7f1d58002000 rw-s 00005000 00:05 20391                      /dev/ati/card0
7f1d58002000-7f1d58015000 r--s 000d2000 08:08 542979                     /usr/java/jdk1.7.0_21/jre/lib/plugin.jar
7f1d58015000-7f1d580ef000 rw-p 00000000 00:00 0 
7f1d580ef000-7f1d580f0000 ---p 00000000 00:00 0 
7f1d580f0000-7f1d581f0000 rw-p 00000000 00:00 0                          [stack:24498]
7f1d581f0000-7f1d581f1000 ---p 00000000 00:00 0 
7f1d581f1000-7f1d582f1000 rw-p 00000000 00:00 0                          [stack:24497]
7f1d582f1000-7f1d582f2000 ---p 00000000 00:00 0 
7f1d582f2000-7f1d583f2000 rw-p 00000000 00:00 0                          [stack:24496]
7f1d583f2000-7f1d583f3000 ---p 00000000 00:00 0 
7f1d583f3000-7f1d584fe000 rw-p 00000000 00:00 0                          [stack:24495]
7f1d584fe000-7f1d5851c000 rw-p 00000000 00:00 0 
7f1d5851c000-7f1d5853b000 rw-p 00000000 00:00 0 
7f1d5853b000-7f1d58707000 rw-p 00000000 00:00 0 
7f1d58707000-7f1d58712000 rw-p 00000000 00:00 0 
7f1d58712000-7f1d58730000 rw-p 00000000 00:00 0 
7f1d58730000-7f1d5874f000 rw-p 00000000 00:00 0 
7f1d5874f000-7f1d5891a000 rw-p 00000000 00:00 0 
7f1d5891a000-7f1d589e0000 rw-p 00000000 00:00 0 
7f1d589e0000-7f1d589e1000 ---p 00000000 00:00 0 
7f1d589e1000-7f1d58a10000 rw-p 00000000 00:00 0 
7f1d58a10000-7f1d58a1b000 rw-p 00000000 00:00 0 
7f1d58a1b000-7f1d58ad1000 rw-p 00000000 00:00 0 
7f1d58ad1000-7f1d58aeb000 r-xp 00000000 08:08 542742                     /usr/java/jdk1.7.0_21/jre/lib/amd64/libzip.so
7f1d58aeb000-7f1d58ceb000 ---p 0001a000 08:08 542742                     /usr/java/jdk1.7.0_21/jre/lib/amd64/libzip.so
7f1d58ceb000-7f1d58cec000 rw-p 0001a000 08:08 542742                     /usr/java/jdk1.7.0_21/jre/lib/amd64/libzip.so
7f1d58cec000-7f1d58cf8000 r-xp 00000000 08:08 320425                     /usr/lib64/libnss_files-2.16.so
7f1d58cf8000-7f1d58ef7000 ---p 0000c000 08:08 320425                     /usr/lib64/libnss_files-2.16.so
7f1d58ef7000-7f1d58ef8000 r--p 0000b000 08:08 320425                     /usr/lib64/libnss_files-2.16.so
7f1d58ef8000-7f1d58ef9000 rw-p 0000c000 08:08 320425                     /usr/lib64/libnss_files-2.16.so
7f1d58ef9000-7f1d58f1a000 rw-p 00000000 00:00 0 
7f1d58f1a000-7f1d58f43000 r-xp 00000000 08:08 542711                     /usr/java/jdk1.7.0_21/jre/lib/amd64/libjava.so
7f1d58f43000-7f1d59143000 ---p 00029000 08:08 542711                     /usr/java/jdk1.7.0_21/jre/lib/amd64/libjava.so
7f1d59143000-7f1d59145000 rw-p 00029000 08:08 542711                     /usr/java/jdk1.7.0_21/jre/lib/amd64/libjava.so
7f1d59145000-7f1d59152000 r-xp 00000000 08:08 542741                     /usr/java/jdk1.7.0_21/jre/lib/amd64/libverify.so
7f1d59152000-7f1d59351000 ---p 0000d000 08:08 542741                     /usr/java/jdk1.7.0_21/jre/lib/amd64/libverify.so
7f1d59351000-7f1d59353000 rw-p 0000c000 08:08 542741                     /usr/java/jdk1.7.0_21/jre/lib/amd64/libverify.so
7f1d59353000-7f1d59356000 ---p 00000000 00:00 0 
7f1d59356000-7f1d59454000 rw-p 00000000 00:00 0                          [stack:24492]
7f1d59454000-7f1d59e9e000 r-xp 00000000 08:08 542746                     /usr/java/jdk1.7.0_21/jre/lib/amd64/server/libjvm.so
7f1d59e9e000-7f1d5a09d000 ---p 00a4a000 08:08 542746                     /usr/java/jdk1.7.0_21/jre/lib/amd64/server/libjvm.so
7f1d5a09d000-7f1d5a141000 rw-p 00a49000 08:08 542746                     /usr/java/jdk1.7.0_21/jre/lib/amd64/server/libjvm.so
7f1d5a141000-7f1d5a17f000 rw-p 00000000 00:00 0 
7f1d5a17f000-7f1d5a195000 r-xp 00000000 08:08 542693                     /usr/java/jdk1.7.0_21/jre/lib/amd64/jli/libjli.so
7f1d5a195000-7f1d5a395000 ---p 00016000 08:08 542693                     /usr/java/jdk1.7.0_21/jre/lib/amd64/jli/libjli.so
7f1d5a395000-7f1d5a396000 rw-p 00016000 08:08 542693                     /usr/java/jdk1.7.0_21/jre/lib/amd64/jli/libjli.so
7f1d5a396000-7f1d5a397000 rw-p 00000000 00:00 0 
7f1d5a397000-7f1d5a399000 rw-s 2902e000 00:05 20391                      /dev/ati/card0
7f1d5a399000-7f1d5a39a000 r--s 00005000 08:09 2618891                    /home/mjafar/Dropbox/Code/Java Project-Next Phase/CElizationClient/CELization-TheGame/dist/run1145903397/lib/CElizationPacketsLibrary.jar
7f1d5a39a000-7f1d5a39d000 r--s 00011000 08:09 2618890                    /home/mjafar/Dropbox/Code/Java Project-Next Phase/CElizationClient/CELization-TheGame/dist/run1145903397/lib/CElizationCore.jar
7f1d5a39d000-7f1d5a39e000 r--s 00005000 08:09 2618637                    /home/mjafar/Dropbox/Code/Java Project-Next Phase/CElizationPacketsLibrary/dist/CElizationPacketsLibrary.jar
7f1d5a39e000-7f1d5a39f000 r--s 00005000 08:09 2618778                    /home/mjafar/Dropbox/Code/Java Project-Next Phase/CElizationCore/dist/lib/CElizationPacketsLibrary.jar
7f1d5a39f000-7f1d5a3a2000 r--s 00011000 08:09 2618779                    /home/mjafar/Dropbox/Code/Java Project-Next Phase/CElizationCore/dist/CElizationCore.jar
7f1d5a3a2000-7f1d5a3ab000 r--s 00067000 08:08 542914                     /usr/java/jdk1.7.0_21/jre/lib/javaws.jar
7f1d5a3ab000-7f1d5a3ae000 r--s 0018a000 08:09 2618886                    /home/mjafar/Dropbox/Code/Java Project-Next Phase/CElizationClient/CELization-TheGame/dist/run1145903397/CELization-TheGame.jar
7f1d5a3ae000-7f1d5a3b6000 rw-s 00000000 00:20 1224712                    /tmp/hsperfdata_mjafar/24490
7f1d5a3b6000-7f1d5a3b7000 rw-p 00000000 00:00 0 
7f1d5a3b7000-7f1d5a3b8000 r--p 00000000 00:00 0 
7f1d5a3b8000-7f1d5a3b9000 rw-p 00000000 00:00 0 
7ffff0f83000-7ffff0fa4000 rw-p 00000000 00:00 0                          [stack]
7ffff0ffe000-7ffff1000000 r-xp 00000000 00:00 0                          [vdso]
ffffffffff600000-ffffffffff601000 r-xp 00000000 00:00 0                  [vsyscall]

VM Arguments:
jvm_args: -Dfile.encoding=UTF-8 
java_command: com.javafx.main.Main
Launcher Type: SUN_STANDARD

Environment Variables:
PATH=/usr/lib64/qt-3.3/bin:/usr/lib64/ccache:/usr/local/bin:/usr/bin:/bin:/usr/local/sbin:/usr/sbin:/home/mjafar/.local/bin:/home/mjafar/bin
USERNAME=mjafar
LD_LIBRARY_PATH=/usr/lib/jvm/java/jre/lib/amd64:/usr/lib/jvm/java/jre/lib/i386:
SHELL=/bin/bash
DISPLAY=:0

Signal Handlers:
SIGSEGV: [libjvm.so+0x8a80e0], sa_mask[0]=0x7ffbfeff, sa_flags=0x10000004
SIGBUS: [libjvm.so+0x8a80e0], sa_mask[0]=0x7ffbfeff, sa_flags=0x10000004
SIGFPE: [libjvm.so+0x744170], sa_mask[0]=0x7ffbfeff, sa_flags=0x10000004
SIGPIPE: SIG_IGN, sa_mask[0]=0x00001000, sa_flags=0x10000000
SIGXFSZ: [libjvm.so+0x744170], sa_mask[0]=0x7ffbfeff, sa_flags=0x10000004
SIGILL: [libjvm.so+0x744170], sa_mask[0]=0x7ffbfeff, sa_flags=0x10000004
SIGUSR1: SIG_DFL, sa_mask[0]=0x00000000, sa_flags=0x00000000
SIGUSR2: [libjvm.so+0x743ac0], sa_mask[0]=0x00000004, sa_flags=0x10000004
SIGHUP: [libjvm.so+0x745e50], sa_mask[0]=0x7ffbfeff, sa_flags=0x10000004
SIGINT: SIG_IGN, sa_mask[0]=0x00000000, sa_flags=0x00000000
SIGTERM: [libjvm.so+0x745e50], sa_mask[0]=0x7ffbfeff, sa_flags=0x10000004
SIGQUIT: [libjvm.so+0x745e50], sa_mask[0]=0x7ffbfeff, sa_flags=0x10000004


---------------  S Y S T E M  ---------------

OS:Fedora release 18 (Spherical Cow)

uname:Linux 3.9.6-200.fc18.x86_64 #1 SMP Thu Jun 13 18:56:55 UTC 2013 x86_64
libc:glibc 2.16 NPTL 2.16 
rlimit: STACK 8192k, CORE 0k, NPROC 1024, NOFILE 4096, AS infinity
load average:1.52 0.94 0.71

/proc/meminfo:
MemTotal:        6027280 kB
MemFree:         3215048 kB
Buffers:           45808 kB
Cached:           424456 kB
SwapCached:       232536 kB
Active:          1246492 kB
Inactive:        1136328 kB
Active(anon):    1095460 kB
Inactive(anon):   853540 kB
Active(file):     151032 kB
Inactive(file):   282788 kB
Unevictable:        3668 kB
Mlocked:            3668 kB
SwapTotal:       8387580 kB
SwapFree:        7386280 kB
Dirty:               208 kB
Writeback:             0 kB
AnonPages:       1737068 kB
Mapped:           217432 kB
Shmem:             33864 kB
Slab:             104644 kB
SReclaimable:      45124 kB
SUnreclaim:        59520 kB
KernelStack:        4288 kB
PageTables:        56408 kB
NFS_Unstable:          0 kB
Bounce:                0 kB
WritebackTmp:          0 kB
CommitLimit:    11401220 kB
Committed_AS:    6112576 kB
VmallocTotal:   34359738367 kB
VmallocUsed:      591908 kB
VmallocChunk:   34359054768 kB
HardwareCorrupted:     0 kB
AnonHugePages:    997376 kB
HugePages_Total:       0
HugePages_Free:        0
HugePages_Rsvd:        0
HugePages_Surp:        0
Hugepagesize:       2048 kB
DirectMap4k:     1163520 kB
DirectMap2M:     5042176 kB


CPU:total 4 (2 cores per cpu, 2 threads per core) family 6 model 42 stepping 7, cmov, cx8, fxsr, mmx, sse, sse2, sse3, ssse3, sse4.1, sse4.2, popcnt, avx, ht, tsc, tscinvbit

/proc/cpuinfo:
processor	: 0
vendor_id	: GenuineIntel
cpu family	: 6
model		: 42
model name	: Intel(R) Core(TM) i5-2450M CPU @ 2.50GHz
stepping	: 7
microcode	: 0x28
cpu MHz		: 2000.000
cache size	: 3072 KB
physical id	: 0
siblings	: 4
core id		: 0
cpu cores	: 2
apicid		: 0
initial apicid	: 0
fpu		: yes
fpu_exception	: yes
cpuid level	: 13
wp		: yes
flags		: fpu vme de pse tsc msr pae mce cx8 apic sep mtrr pge mca cmov pat pse36 clflush dts acpi mmx fxsr sse sse2 ss ht tm pbe syscall nx rdtscp lm constant_tsc arch_perfmon pebs bts rep_good nopl xtopology nonstop_tsc aperfmperf eagerfpu pni pclmulqdq dtes64 monitor ds_cpl vmx est tm2 ssse3 cx16 xtpr pdcm pcid sse4_1 sse4_2 x2apic popcnt tsc_deadline_timer aes xsave avx lahf_lm ida arat epb xsaveopt pln pts dtherm tpr_shadow vnmi flexpriority ept vpid
bogomips	: 4988.60
clflush size	: 64
cache_alignment	: 64
address sizes	: 36 bits physical, 48 bits virtual
power management:

processor	: 1
vendor_id	: GenuineIntel
cpu family	: 6
model		: 42
model name	: Intel(R) Core(TM) i5-2450M CPU @ 2.50GHz
stepping	: 7
microcode	: 0x28
cpu MHz		: 2000.000
cache size	: 3072 KB
physical id	: 0
siblings	: 4
core id		: 0
cpu cores	: 2
apicid		: 1
initial apicid	: 1
fpu		: yes
fpu_exception	: yes
cpuid level	: 13
wp		: yes
flags		: fpu vme de pse tsc msr pae mce cx8 apic sep mtrr pge mca cmov pat pse36 clflush dts acpi mmx fxsr sse sse2 ss ht tm pbe syscall nx rdtscp lm constant_tsc arch_perfmon pebs bts rep_good nopl xtopology nonstop_tsc aperfmperf eagerfpu pni pclmulqdq dtes64 monitor ds_cpl vmx est tm2 ssse3 cx16 xtpr pdcm pcid sse4_1 sse4_2 x2apic popcnt tsc_deadline_timer aes xsave avx lahf_lm ida arat epb xsaveopt pln pts dtherm tpr_shadow vnmi flexpriority ept vpid
bogomips	: 4988.60
clflush size	: 64
cache_alignment	: 64
address sizes	: 36 bits physical, 48 bits virtual
power management:

processor	: 2
vendor_id	: GenuineIntel
cpu family	: 6
model		: 42
model name	: Intel(R) Core(TM) i5-2450M CPU @ 2.50GHz
stepping	: 7
microcode	: 0x28
cpu MHz		: 2000.000
cache size	: 3072 KB
physical id	: 0
siblings	: 4
core id		: 1
cpu cores	: 2
apicid		: 2
initial apicid	: 2
fpu		: yes
fpu_exception	: yes
cpuid level	: 13
wp		: yes
flags		: fpu vme de pse tsc msr pae mce cx8 apic sep mtrr pge mca cmov pat pse36 clflush dts acpi mmx fxsr sse sse2 ss ht tm pbe syscall nx rdtscp lm constant_tsc arch_perfmon pebs bts rep_good nopl xtopology nonstop_tsc aperfmperf eagerfpu pni pclmulqdq dtes64 monitor ds_cpl vmx est tm2 ssse3 cx16 xtpr pdcm pcid sse4_1 sse4_2 x2apic popcnt tsc_deadline_timer aes xsave avx lahf_lm ida arat epb xsaveopt pln pts dtherm tpr_shadow vnmi flexpriority ept vpid
bogomips	: 4988.60
clflush size	: 64
cache_alignment	: 64
address sizes	: 36 bits physical, 48 bits virtual
power management:

processor	: 3
vendor_id	: GenuineIntel
cpu family	: 6
model		: 42
model name	: Intel(R) Core(TM) i5-2450M CPU @ 2.50GHz
stepping	: 7
microcode	: 0x28
cpu MHz		: 2000.000
cache size	: 3072 KB
physical id	: 0
siblings	: 4
core id		: 1
cpu cores	: 2
apicid		: 3
initial apicid	: 3
fpu		: yes
fpu_exception	: yes
cpuid level	: 13
wp		: yes
flags		: fpu vme de pse tsc msr pae mce cx8 apic sep mtrr pge mca cmov pat pse36 clflush dts acpi mmx fxsr sse sse2 ss ht tm pbe syscall nx rdtscp lm constant_tsc arch_perfmon pebs bts rep_good nopl xtopology nonstop_tsc aperfmperf eagerfpu pni pclmulqdq dtes64 monitor ds_cpl vmx est tm2 ssse3 cx16 xtpr pdcm pcid sse4_1 sse4_2 x2apic popcnt tsc_deadline_timer aes xsave avx lahf_lm ida arat epb xsaveopt pln pts dtherm tpr_shadow vnmi flexpriority ept vpid
bogomips	: 4988.60
clflush size	: 64
cache_alignment	: 64
address sizes	: 36 bits physical, 48 bits virtual
power management:



Memory: 4k page, physical 6027280k(3215048k free), swap 8387580k(7386280k free)

vm_info: Java HotSpot(TM) 64-Bit Server VM (23.21-b01) for linux-amd64 JRE (1.7.0_21-b11), built on Apr  4 2013 04:03:29 by "java_re" with gcc 4.3.0 20080428 (Red Hat 4.3.0-8)

time: Sun Jul 14 12:13:32 2013
elapsed time: 52 seconds

